[2026-06-18T20:38:00.817+0000] {manager.py:470} INFO - Processing files using up to 2 processes at a time 
[2026-06-18T20:38:00.821+0000] {manager.py:471} INFO - Process each file at most once every 30 seconds
[2026-06-18T20:38:00.825+0000] {manager.py:472} INFO - Checking for new files in /opt/airflow/dags every 300 seconds
[2026-06-18T20:38:00.831+0000] {manager.py:737} INFO - Searching for files in /opt/airflow/dags
[2026-06-18T20:38:00.885+0000] {manager.py:740} INFO - There are 1 files in /opt/airflow/dags
[2026-06-18T20:38:02.206+0000] {manager.py:878} INFO - 
================================================================================
DAG File Processing Stats

File Path                               PID  Runtime      # DAGs    # Errors  Last Runtime    Last Run
------------------------------------  -----  ---------  --------  ----------  --------------  ----------
/opt/airflow/dags/metals_pipeline.py    167  0.79s             0           0
================================================================================
[2026-06-18T20:38:34.014+0000] {manager.py:878} INFO - 
================================================================================
DAG File Processing Stats

File Path                               PID  Runtime      # DAGs    # Errors  Last Runtime    Last Run
------------------------------------  -----  ---------  --------  ----------  --------------  -------------------
/opt/airflow/dags/metals_pipeline.py    181  0.01s             1           0  2.23s           2026-06-18T20:38:03
================================================================================
[2026-06-18T20:39:05.128+0000] {manager.py:878} INFO - 
================================================================================
DAG File Processing Stats

File Path                             PID    Runtime      # DAGs    # Errors  Last Runtime    Last Run
------------------------------------  -----  ---------  --------  ----------  --------------  -------------------
/opt/airflow/dags/metals_pipeline.py                           1           0  1.95s           2026-06-18T20:38:35
================================================================================
[2026-06-18T20:39:36.536+0000] {manager.py:878} INFO - 
================================================================================
DAG File Processing Stats

File Path                               PID  Runtime      # DAGs    # Errors  Last Runtime    Last Run
------------------------------------  -----  ---------  --------  ----------  --------------  -------------------
/opt/airflow/dags/metals_pipeline.py    199  0.01s             1           0  0.29s           2026-06-18T20:39:06
================================================================================
[2026-06-18T20:40:07.999+0000] {manager.py:878} INFO - 
================================================================================
DAG File Processing Stats

File Path                             PID    Runtime      # DAGs    # Errors  Last Runtime    Last Run
------------------------------------  -----  ---------  --------  ----------  --------------  -------------------
/opt/airflow/dags/metals_pipeline.py                           1           0  0.28s           2026-06-18T20:40:07
================================================================================
[2026-06-18T20:40:39.130+0000] {manager.py:878} INFO - 
================================================================================
DAG File Processing Stats

File Path                             PID    Runtime      # DAGs    # Errors  Last Runtime    Last Run
------------------------------------  -----  ---------  --------  ----------  --------------  -------------------
/opt/airflow/dags/metals_pipeline.py                           1           0  0.70s           2026-06-18T20:40:38
================================================================================
[2026-06-18T20:41:10.723+0000] {manager.py:878} INFO - 
================================================================================
DAG File Processing Stats

File Path                             PID    Runtime      # DAGs    # Errors  Last Runtime    Last Run
------------------------------------  -----  ---------  --------  ----------  --------------  -------------------
/opt/airflow/dags/metals_pipeline.py                           1           0  0.26s           2026-06-18T20:41:08
================================================================================
[2026-06-18T20:41:42.123+0000] {manager.py:878} INFO - 
================================================================================
DAG File Processing Stats

File Path                             PID    Runtime      # DAGs    # Errors  Last Runtime    Last Run
------------------------------------  -----  ---------  --------  ----------  --------------  -------------------
/opt/airflow/dags/metals_pipeline.py                           1           0  0.20s           2026-06-18T20:41:39
================================================================================
[2026-06-18T20:42:13.705+0000] {manager.py:878} INFO - 
================================================================================
DAG File Processing Stats

File Path                             PID    Runtime      # DAGs    # Errors  Last Runtime    Last Run
------------------------------------  -----  ---------  --------  ----------  --------------  -------------------
/opt/airflow/dags/metals_pipeline.py                           1           0  1.30s           2026-06-18T20:42:10
================================================================================
[2026-06-18T20:42:45.147+0000] {manager.py:878} INFO - 
================================================================================
DAG File Processing Stats

File Path                             PID    Runtime      # DAGs    # Errors  Last Runtime    Last Run
------------------------------------  -----  ---------  --------  ----------  --------------  -------------------
/opt/airflow/dags/metals_pipeline.py                           1           0  0.28s           2026-06-18T20:42:41
================================================================================
[2026-06-18T20:42:52.497+0000] {manager.py:452} INFO - Exiting gracefully upon receiving signal 15
[2026-06-18T20:43:38.367+0000] {manager.py:470} INFO - Processing files using up to 2 processes at a time 
[2026-06-18T20:43:38.371+0000] {manager.py:471} INFO - Process each file at most once every 30 seconds
[2026-06-18T20:43:38.374+0000] {manager.py:472} INFO - Checking for new files in /opt/airflow/dags every 300 seconds
[2026-06-18T20:43:38.377+0000] {manager.py:737} INFO - Searching for files in /opt/airflow/dags
[2026-06-18T20:43:38.420+0000] {manager.py:740} INFO - There are 1 files in /opt/airflow/dags
[2026-06-18T20:43:38.634+0000] {manager.py:878} INFO - 
================================================================================
DAG File Processing Stats

File Path                               PID  Runtime      # DAGs    # Errors  Last Runtime    Last Run
------------------------------------  -----  ---------  --------  ----------  --------------  ----------
/opt/airflow/dags/metals_pipeline.py    167  0.08s             0           0
================================================================================
[2026-06-18T20:44:09.819+0000] {manager.py:878} INFO - 
================================================================================
DAG File Processing Stats

File Path                               PID  Runtime      # DAGs    # Errors  Last Runtime    Last Run
------------------------------------  -----  ---------  --------  ----------  --------------  -------------------
/opt/airflow/dags/metals_pipeline.py    181  0.74s             1           0  0.35s           2026-06-18T20:43:38
================================================================================
[2026-06-18T20:44:41.396+0000] {manager.py:878} INFO - 
================================================================================
DAG File Processing Stats

File Path                               PID  Runtime      # DAGs    # Errors  Last Runtime    Last Run
------------------------------------  -----  ---------  --------  ----------  --------------  -------------------
/opt/airflow/dags/metals_pipeline.py    186  0.02s             1           0  2.21s           2026-06-18T20:44:11
================================================================================
[2026-06-18T20:44:44.876+0000] {manager.py:452} INFO - Exiting gracefully upon receiving signal 15
[2026-06-18T20:45:23.484+0000] {manager.py:470} INFO - Processing files using up to 2 processes at a time 
[2026-06-18T20:45:23.494+0000] {manager.py:471} INFO - Process each file at most once every 30 seconds
[2026-06-18T20:45:23.497+0000] {manager.py:472} INFO - Checking for new files in /opt/airflow/dags every 300 seconds
[2026-06-18T20:45:23.501+0000] {manager.py:737} INFO - Searching for files in /opt/airflow/dags
[2026-06-18T20:45:23.557+0000] {manager.py:740} INFO - There are 1 files in /opt/airflow/dags
[2026-06-18T20:45:23.957+0000] {manager.py:878} INFO - 
================================================================================
DAG File Processing Stats

File Path                               PID  Runtime      # DAGs    # Errors  Last Runtime    Last Run
------------------------------------  -----  ---------  --------  ----------  --------------  ----------
/opt/airflow/dags/metals_pipeline.py    168  0.12s             0           0
================================================================================
[2026-06-18T20:45:55.161+0000] {manager.py:878} INFO - 
================================================================================
DAG File Processing Stats

File Path                               PID  Runtime      # DAGs    # Errors  Last Runtime    Last Run
------------------------------------  -----  ---------  --------  ----------  --------------  -------------------
/opt/airflow/dags/metals_pipeline.py    173  0.55s             1           0  0.58s           2026-06-18T20:45:24
================================================================================
[2026-06-18T20:46:26.596+0000] {manager.py:878} INFO - 
================================================================================
DAG File Processing Stats

File Path                             PID    Runtime      # DAGs    # Errors  Last Runtime    Last Run
------------------------------------  -----  ---------  --------  ----------  --------------  -------------------
/opt/airflow/dags/metals_pipeline.py                           1           0  0.35s           2026-06-18T20:46:25
================================================================================
[2026-06-18T20:46:58.159+0000] {manager.py:878} INFO - 
================================================================================
DAG File Processing Stats

File Path                             PID    Runtime      # DAGs    # Errors  Last Runtime    Last Run
------------------------------------  -----  ---------  --------  ----------  --------------  -------------------
/opt/airflow/dags/metals_pipeline.py                           1           0  0.25s           2026-06-18T20:46:56
================================================================================
[2026-06-18T20:47:29.631+0000] {manager.py:878} INFO - 
================================================================================
DAG File Processing Stats

File Path                             PID    Runtime      # DAGs    # Errors  Last Runtime    Last Run
------------------------------------  -----  ---------  --------  ----------  --------------  -------------------
/opt/airflow/dags/metals_pipeline.py                           1           0  0.29s           2026-06-18T20:47:26
================================================================================
[2026-06-18T20:48:01.132+0000] {manager.py:878} INFO - 
================================================================================
DAG File Processing Stats

File Path                             PID    Runtime      # DAGs    # Errors  Last Runtime    Last Run
------------------------------------  -----  ---------  --------  ----------  --------------  -------------------
/opt/airflow/dags/metals_pipeline.py                           1           0  0.34s           2026-06-18T20:47:57
================================================================================
[2026-06-18T20:48:32.186+0000] {manager.py:878} INFO - 
================================================================================
DAG File Processing Stats

File Path                             PID    Runtime      # DAGs    # Errors  Last Runtime    Last Run
------------------------------------  -----  ---------  --------  ----------  --------------  -------------------
/opt/airflow/dags/metals_pipeline.py                           1           0  0.54s           2026-06-18T20:48:28
================================================================================
[2026-06-18T20:49:03.207+0000] {manager.py:878} INFO - 
================================================================================
DAG File Processing Stats

File Path                             PID    Runtime      # DAGs    # Errors  Last Runtime    Last Run
------------------------------------  -----  ---------  --------  ----------  --------------  -------------------
/opt/airflow/dags/metals_pipeline.py                           1           0  0.85s           2026-06-18T20:48:59
================================================================================
[2026-06-18T20:49:34.206+0000] {manager.py:878} INFO - 
================================================================================
DAG File Processing Stats

File Path                             PID    Runtime      # DAGs    # Errors  Last Runtime    Last Run
------------------------------------  -----  ---------  --------  ----------  --------------  -------------------
/opt/airflow/dags/metals_pipeline.py                           1           0  0.31s           2026-06-18T20:49:30
================================================================================
[2026-06-18T20:50:05.753+0000] {manager.py:878} INFO - 
================================================================================
DAG File Processing Stats

File Path                             PID    Runtime      # DAGs    # Errors  Last Runtime    Last Run
------------------------------------  -----  ---------  --------  ----------  --------------  -------------------
/opt/airflow/dags/metals_pipeline.py                           1           0  1.09s           2026-06-18T20:50:01
================================================================================
[2026-06-18T20:50:23.953+0000] {manager.py:737} INFO - Searching for files in /opt/airflow/dags
[2026-06-18T20:50:24.017+0000] {manager.py:740} INFO - There are 1 files in /opt/airflow/dags
[2026-06-18T20:50:36.954+0000] {manager.py:878} INFO - 
================================================================================
DAG File Processing Stats

File Path                             PID    Runtime      # DAGs    # Errors  Last Runtime    Last Run
------------------------------------  -----  ---------  --------  ----------  --------------  -------------------
/opt/airflow/dags/metals_pipeline.py                           1           0  0.71s           2026-06-18T20:50:32
================================================================================
[2026-06-18T20:51:08.408+0000] {manager.py:878} INFO - 
================================================================================
DAG File Processing Stats

File Path                             PID    Runtime      # DAGs    # Errors  Last Runtime    Last Run
------------------------------------  -----  ---------  --------  ----------  --------------  -------------------
/opt/airflow/dags/metals_pipeline.py                           1           0  0.37s           2026-06-18T20:51:03
================================================================================
[2026-06-18T20:51:39.844+0000] {manager.py:878} INFO - 
================================================================================
DAG File Processing Stats

File Path                             PID    Runtime      # DAGs    # Errors  Last Runtime    Last Run
------------------------------------  -----  ---------  --------  ----------  --------------  -------------------
/opt/airflow/dags/metals_pipeline.py                           1           0  0.40s           2026-06-18T20:51:34
================================================================================
[2026-06-18T20:52:12.351+0000] {manager.py:878} INFO - 
================================================================================
DAG File Processing Stats

File Path                             PID    Runtime      # DAGs    # Errors  Last Runtime    Last Run
------------------------------------  -----  ---------  --------  ----------  --------------  -------------------
/opt/airflow/dags/metals_pipeline.py                           1           0  0.35s           2026-06-18T20:52:04
================================================================================
[2026-06-18T20:52:43.666+0000] {manager.py:878} INFO - 
================================================================================
DAG File Processing Stats

File Path                             PID    Runtime      # DAGs    # Errors  Last Runtime    Last Run
------------------------------------  -----  ---------  --------  ----------  --------------  -------------------
/opt/airflow/dags/metals_pipeline.py                           1           0  0.65s           2026-06-18T20:52:35
================================================================================
[2026-06-18T20:53:15.036+0000] {manager.py:878} INFO - 
================================================================================
DAG File Processing Stats

File Path                             PID    Runtime      # DAGs    # Errors  Last Runtime    Last Run
------------------------------------  -----  ---------  --------  ----------  --------------  -------------------
/opt/airflow/dags/metals_pipeline.py                           1           0  0.37s           2026-06-18T20:53:06
================================================================================
[2026-06-18T20:53:46.682+0000] {manager.py:878} INFO - 
================================================================================
DAG File Processing Stats

File Path                             PID    Runtime      # DAGs    # Errors  Last Runtime    Last Run
------------------------------------  -----  ---------  --------  ----------  --------------  -------------------
/opt/airflow/dags/metals_pipeline.py                           1           0  0.56s           2026-06-18T20:53:36
================================================================================
[2026-06-18T20:54:18.034+0000] {manager.py:878} INFO - 
================================================================================
DAG File Processing Stats

File Path                             PID    Runtime      # DAGs    # Errors  Last Runtime    Last Run
------------------------------------  -----  ---------  --------  ----------  --------------  -------------------
/opt/airflow/dags/metals_pipeline.py                           1           0  0.36s           2026-06-18T20:54:07
================================================================================
[2026-06-18T20:54:49.522+0000] {manager.py:878} INFO - 
================================================================================
DAG File Processing Stats

File Path                             PID    Runtime      # DAGs    # Errors  Last Runtime    Last Run
------------------------------------  -----  ---------  --------  ----------  --------------  -------------------
/opt/airflow/dags/metals_pipeline.py                           1           0  0.19s           2026-06-18T20:54:37
================================================================================
[2026-06-18T20:55:20.583+0000] {manager.py:878} INFO - 
================================================================================
DAG File Processing Stats

File Path                             PID    Runtime      # DAGs    # Errors  Last Runtime    Last Run
------------------------------------  -----  ---------  --------  ----------  --------------  -------------------
/opt/airflow/dags/metals_pipeline.py                           1           0  0.76s           2026-06-18T20:55:08
================================================================================
[2026-06-18T20:55:24.252+0000] {manager.py:737} INFO - Searching for files in /opt/airflow/dags
[2026-06-18T20:55:24.309+0000] {manager.py:740} INFO - There are 1 files in /opt/airflow/dags
[2026-06-18T20:55:52.269+0000] {manager.py:878} INFO - 
================================================================================
DAG File Processing Stats

File Path                             PID    Runtime      # DAGs    # Errors  Last Runtime    Last Run
------------------------------------  -----  ---------  --------  ----------  --------------  -------------------
/opt/airflow/dags/metals_pipeline.py                           1           0  0.21s           2026-06-18T20:55:39
================================================================================
[2026-06-18T20:56:23.739+0000] {manager.py:878} INFO - 
================================================================================
DAG File Processing Stats

File Path                             PID    Runtime      # DAGs    # Errors  Last Runtime    Last Run
------------------------------------  -----  ---------  --------  ----------  --------------  -------------------
/opt/airflow/dags/metals_pipeline.py                           1           0  0.38s           2026-06-18T20:56:09
================================================================================
[2026-06-18T20:56:54.720+0000] {manager.py:878} INFO - 
================================================================================
DAG File Processing Stats

File Path                             PID    Runtime      # DAGs    # Errors  Last Runtime    Last Run
------------------------------------  -----  ---------  --------  ----------  --------------  -------------------
/opt/airflow/dags/metals_pipeline.py                           1           0  0.31s           2026-06-18T20:56:40
================================================================================
[2026-06-18T20:57:26.532+0000] {manager.py:878} INFO - 
================================================================================
DAG File Processing Stats

File Path                             PID    Runtime      # DAGs    # Errors  Last Runtime    Last Run
------------------------------------  -----  ---------  --------  ----------  --------------  -------------------
/opt/airflow/dags/metals_pipeline.py                           1           0  0.24s           2026-06-18T20:57:11
================================================================================
[2026-06-18T20:57:58.026+0000] {manager.py:878} INFO - 
================================================================================
DAG File Processing Stats

File Path                             PID    Runtime      # DAGs    # Errors  Last Runtime    Last Run
------------------------------------  -----  ---------  --------  ----------  --------------  -------------------
/opt/airflow/dags/metals_pipeline.py                           1           0  2.32s           2026-06-18T20:57:44
================================================================================
[2026-06-18T20:58:29.854+0000] {manager.py:878} INFO - 
================================================================================
DAG File Processing Stats

File Path                             PID    Runtime      # DAGs    # Errors  Last Runtime    Last Run
------------------------------------  -----  ---------  --------  ----------  --------------  -------------------
/opt/airflow/dags/metals_pipeline.py                           1           0  0.20s           2026-06-18T20:58:14
================================================================================
[2026-06-18T20:59:01.275+0000] {manager.py:878} INFO - 
================================================================================
DAG File Processing Stats

File Path                             PID    Runtime      # DAGs    # Errors  Last Runtime    Last Run
------------------------------------  -----  ---------  --------  ----------  --------------  -------------------
/opt/airflow/dags/metals_pipeline.py                           1           0  0.32s           2026-06-18T20:58:45
================================================================================
[2026-06-18T20:59:32.897+0000] {manager.py:878} INFO - 
================================================================================
DAG File Processing Stats

File Path                             PID    Runtime      # DAGs    # Errors  Last Runtime    Last Run
------------------------------------  -----  ---------  --------  ----------  --------------  -------------------
/opt/airflow/dags/metals_pipeline.py                           1           0  0.43s           2026-06-18T20:59:15
================================================================================
[2026-06-18T21:00:04.625+0000] {manager.py:878} INFO - 
================================================================================
DAG File Processing Stats

File Path                             PID    Runtime      # DAGs    # Errors  Last Runtime    Last Run
------------------------------------  -----  ---------  --------  ----------  --------------  -------------------
/opt/airflow/dags/metals_pipeline.py                           1           0  0.44s           2026-06-18T20:59:46
================================================================================
[2026-06-18T21:00:24.866+0000] {manager.py:737} INFO - Searching for files in /opt/airflow/dags
[2026-06-18T21:00:24.973+0000] {manager.py:740} INFO - There are 1 files in /opt/airflow/dags
[2026-06-18T21:00:36.104+0000] {manager.py:878} INFO - 
================================================================================
DAG File Processing Stats

File Path                             PID    Runtime      # DAGs    # Errors  Last Runtime    Last Run
------------------------------------  -----  ---------  --------  ----------  --------------  -------------------
/opt/airflow/dags/metals_pipeline.py                           1           0  4.44s           2026-06-18T21:00:21
================================================================================
[2026-06-18T21:01:07.409+0000] {manager.py:878} INFO - 
================================================================================
DAG File Processing Stats

File Path                             PID    Runtime      # DAGs    # Errors  Last Runtime    Last Run
------------------------------------  -----  ---------  --------  ----------  --------------  -------------------
/opt/airflow/dags/metals_pipeline.py                           1           0  0.19s           2026-06-18T21:00:52
================================================================================
[2026-06-18T21:01:38.655+0000] {manager.py:878} INFO - 
================================================================================
DAG File Processing Stats

File Path                             PID    Runtime      # DAGs    # Errors  Last Runtime    Last Run
------------------------------------  -----  ---------  --------  ----------  --------------  -------------------
/opt/airflow/dags/metals_pipeline.py                           1           0  0.34s           2026-06-18T21:01:22
================================================================================
[2026-06-18T21:02:09.889+0000] {manager.py:878} INFO - 
================================================================================
DAG File Processing Stats

File Path                             PID    Runtime      # DAGs    # Errors  Last Runtime    Last Run
------------------------------------  -----  ---------  --------  ----------  --------------  -------------------
/opt/airflow/dags/metals_pipeline.py                           1           0  1.67s           2026-06-18T21:01:54
================================================================================
[2026-06-18T21:02:41.106+0000] {manager.py:878} INFO - 
================================================================================
DAG File Processing Stats

File Path                             PID    Runtime      # DAGs    # Errors  Last Runtime    Last Run
------------------------------------  -----  ---------  --------  ----------  --------------  -------------------
/opt/airflow/dags/metals_pipeline.py                           1           0  0.34s           2026-06-18T21:02:25
================================================================================
[2026-06-18T21:03:12.566+0000] {manager.py:878} INFO - 
================================================================================
DAG File Processing Stats

File Path                             PID    Runtime      # DAGs    # Errors  Last Runtime    Last Run
------------------------------------  -----  ---------  --------  ----------  --------------  -------------------
/opt/airflow/dags/metals_pipeline.py                           1           0  0.78s           2026-06-18T21:02:56
================================================================================
