[2026-06-18T20:38:01.646+0000] {processor.py:161} INFO - Started process (PID=167) to work on /opt/airflow/dags/metals_pipeline.py
[2026-06-18T20:38:01.656+0000] {processor.py:830} INFO - Processing file /opt/airflow/dags/metals_pipeline.py for tasks to queue
[2026-06-18T20:38:01.681+0000] {logging_mixin.py:188} INFO - [2026-06-18T20:38:01.680+0000] {dagbag.py:545} INFO - Filling up the DagBag from /opt/airflow/dags/metals_pipeline.py
[2026-06-18T20:38:02.156+0000] {processor.py:840} INFO - DAG(s) 'metals_ingestion_pipeline' retrieved from /opt/airflow/dags/metals_pipeline.py
[2026-06-18T20:38:02.776+0000] {logging_mixin.py:188} INFO - [2026-06-18T20:38:02.774+0000] {dag.py:3096} INFO - Sync 1 DAGs
[2026-06-18T20:38:03.354+0000] {logging_mixin.py:188} INFO - [2026-06-18T20:38:03.352+0000] {dag.py:3954} INFO - Setting next_dagrun for metals_ingestion_pipeline to 2026-06-18 20:30:00+00:00, run_after=2026-06-18 20:40:00+00:00
[2026-06-18T20:38:03.546+0000] {processor.py:183} INFO - Processing /opt/airflow/dags/metals_pipeline.py took 2.010 seconds
[2026-06-18T20:38:34.096+0000] {processor.py:161} INFO - Started process (PID=181) to work on /opt/airflow/dags/metals_pipeline.py
[2026-06-18T20:38:34.099+0000] {processor.py:830} INFO - Processing file /opt/airflow/dags/metals_pipeline.py for tasks to queue
[2026-06-18T20:38:34.114+0000] {logging_mixin.py:188} INFO - [2026-06-18T20:38:34.110+0000] {dagbag.py:545} INFO - Filling up the DagBag from /opt/airflow/dags/metals_pipeline.py
[2026-06-18T20:38:34.239+0000] {processor.py:840} INFO - DAG(s) 'metals_ingestion_pipeline' retrieved from /opt/airflow/dags/metals_pipeline.py
[2026-06-18T20:38:35.828+0000] {logging_mixin.py:188} INFO - [2026-06-18T20:38:35.827+0000] {dag.py:3096} INFO - Sync 1 DAGs
[2026-06-18T20:38:35.879+0000] {logging_mixin.py:188} INFO - [2026-06-18T20:38:35.879+0000] {dag.py:3954} INFO - Setting next_dagrun for metals_ingestion_pipeline to 2026-06-18 20:30:00+00:00, run_after=2026-06-18 20:40:00+00:00
[2026-06-18T20:38:35.929+0000] {processor.py:183} INFO - Processing /opt/airflow/dags/metals_pipeline.py took 1.869 seconds
[2026-06-18T20:39:06.190+0000] {processor.py:161} INFO - Started process (PID=186) to work on /opt/airflow/dags/metals_pipeline.py
[2026-06-18T20:39:06.193+0000] {processor.py:830} INFO - Processing file /opt/airflow/dags/metals_pipeline.py for tasks to queue
[2026-06-18T20:39:06.196+0000] {logging_mixin.py:188} INFO - [2026-06-18T20:39:06.195+0000] {dagbag.py:545} INFO - Filling up the DagBag from /opt/airflow/dags/metals_pipeline.py
[2026-06-18T20:39:06.236+0000] {processor.py:840} INFO - DAG(s) 'metals_ingestion_pipeline' retrieved from /opt/airflow/dags/metals_pipeline.py
[2026-06-18T20:39:06.304+0000] {logging_mixin.py:188} INFO - [2026-06-18T20:39:06.304+0000] {dag.py:3096} INFO - Sync 1 DAGs
[2026-06-18T20:39:06.363+0000] {logging_mixin.py:188} INFO - [2026-06-18T20:39:06.362+0000] {dag.py:3954} INFO - Setting next_dagrun for metals_ingestion_pipeline to 2026-06-18 20:30:00+00:00, run_after=2026-06-18 20:40:00+00:00
[2026-06-18T20:39:06.420+0000] {processor.py:183} INFO - Processing /opt/airflow/dags/metals_pipeline.py took 0.240 seconds
[2026-06-18T20:39:36.572+0000] {processor.py:161} INFO - Started process (PID=199) to work on /opt/airflow/dags/metals_pipeline.py
[2026-06-18T20:39:36.574+0000] {processor.py:830} INFO - Processing file /opt/airflow/dags/metals_pipeline.py for tasks to queue
[2026-06-18T20:39:36.578+0000] {logging_mixin.py:188} INFO - [2026-06-18T20:39:36.577+0000] {dagbag.py:545} INFO - Filling up the DagBag from /opt/airflow/dags/metals_pipeline.py
[2026-06-18T20:39:36.621+0000] {processor.py:840} INFO - DAG(s) 'metals_ingestion_pipeline' retrieved from /opt/airflow/dags/metals_pipeline.py
[2026-06-18T20:39:36.675+0000] {logging_mixin.py:188} INFO - [2026-06-18T20:39:36.675+0000] {dag.py:3096} INFO - Sync 1 DAGs
[2026-06-18T20:39:36.769+0000] {logging_mixin.py:188} INFO - [2026-06-18T20:39:36.768+0000] {dag.py:3954} INFO - Setting next_dagrun for metals_ingestion_pipeline to 2026-06-18 20:30:00+00:00, run_after=2026-06-18 20:40:00+00:00
[2026-06-18T20:39:36.833+0000] {processor.py:183} INFO - Processing /opt/airflow/dags/metals_pipeline.py took 0.271 seconds
[2026-06-18T20:40:07.031+0000] {processor.py:161} INFO - Started process (PID=212) to work on /opt/airflow/dags/metals_pipeline.py
[2026-06-18T20:40:07.033+0000] {processor.py:830} INFO - Processing file /opt/airflow/dags/metals_pipeline.py for tasks to queue
[2026-06-18T20:40:07.037+0000] {logging_mixin.py:188} INFO - [2026-06-18T20:40:07.037+0000] {dagbag.py:545} INFO - Filling up the DagBag from /opt/airflow/dags/metals_pipeline.py
[2026-06-18T20:40:07.082+0000] {processor.py:840} INFO - DAG(s) 'metals_ingestion_pipeline' retrieved from /opt/airflow/dags/metals_pipeline.py
[2026-06-18T20:40:07.146+0000] {logging_mixin.py:188} INFO - [2026-06-18T20:40:07.146+0000] {dag.py:3096} INFO - Sync 1 DAGs
[2026-06-18T20:40:07.196+0000] {logging_mixin.py:188} INFO - [2026-06-18T20:40:07.196+0000] {dag.py:3954} INFO - Setting next_dagrun for metals_ingestion_pipeline to 2026-06-18 20:40:00+00:00, run_after=2026-06-18 20:50:00+00:00
[2026-06-18T20:40:07.242+0000] {processor.py:183} INFO - Processing /opt/airflow/dags/metals_pipeline.py took 0.223 seconds
[2026-06-18T20:40:37.681+0000] {processor.py:161} INFO - Started process (PID=225) to work on /opt/airflow/dags/metals_pipeline.py
[2026-06-18T20:40:37.690+0000] {processor.py:830} INFO - Processing file /opt/airflow/dags/metals_pipeline.py for tasks to queue
[2026-06-18T20:40:37.714+0000] {logging_mixin.py:188} INFO - [2026-06-18T20:40:37.713+0000] {dagbag.py:545} INFO - Filling up the DagBag from /opt/airflow/dags/metals_pipeline.py
[2026-06-18T20:40:37.889+0000] {processor.py:840} INFO - DAG(s) 'metals_ingestion_pipeline' retrieved from /opt/airflow/dags/metals_pipeline.py
[2026-06-18T20:40:38.017+0000] {logging_mixin.py:188} INFO - [2026-06-18T20:40:38.017+0000] {dag.py:3096} INFO - Sync 1 DAGs
[2026-06-18T20:40:38.121+0000] {logging_mixin.py:188} INFO - [2026-06-18T20:40:38.121+0000] {dag.py:3954} INFO - Setting next_dagrun for metals_ingestion_pipeline to 2026-06-18 20:40:00+00:00, run_after=2026-06-18 20:50:00+00:00
[2026-06-18T20:40:38.182+0000] {processor.py:183} INFO - Processing /opt/airflow/dags/metals_pipeline.py took 0.560 seconds
[2026-06-18T20:41:08.708+0000] {processor.py:161} INFO - Started process (PID=238) to work on /opt/airflow/dags/metals_pipeline.py
[2026-06-18T20:41:08.710+0000] {processor.py:830} INFO - Processing file /opt/airflow/dags/metals_pipeline.py for tasks to queue
[2026-06-18T20:41:08.714+0000] {logging_mixin.py:188} INFO - [2026-06-18T20:41:08.714+0000] {dagbag.py:545} INFO - Filling up the DagBag from /opt/airflow/dags/metals_pipeline.py
[2026-06-18T20:41:08.756+0000] {processor.py:840} INFO - DAG(s) 'metals_ingestion_pipeline' retrieved from /opt/airflow/dags/metals_pipeline.py
[2026-06-18T20:41:08.817+0000] {logging_mixin.py:188} INFO - [2026-06-18T20:41:08.817+0000] {dag.py:3096} INFO - Sync 1 DAGs
[2026-06-18T20:41:08.865+0000] {logging_mixin.py:188} INFO - [2026-06-18T20:41:08.864+0000] {dag.py:3954} INFO - Setting next_dagrun for metals_ingestion_pipeline to 2026-06-18 20:40:00+00:00, run_after=2026-06-18 20:50:00+00:00
[2026-06-18T20:41:08.906+0000] {processor.py:183} INFO - Processing /opt/airflow/dags/metals_pipeline.py took 0.210 seconds
[2026-06-18T20:41:39.127+0000] {processor.py:161} INFO - Started process (PID=251) to work on /opt/airflow/dags/metals_pipeline.py
[2026-06-18T20:41:39.129+0000] {processor.py:830} INFO - Processing file /opt/airflow/dags/metals_pipeline.py for tasks to queue
[2026-06-18T20:41:39.132+0000] {logging_mixin.py:188} INFO - [2026-06-18T20:41:39.132+0000] {dagbag.py:545} INFO - Filling up the DagBag from /opt/airflow/dags/metals_pipeline.py
[2026-06-18T20:41:39.165+0000] {processor.py:840} INFO - DAG(s) 'metals_ingestion_pipeline' retrieved from /opt/airflow/dags/metals_pipeline.py
[2026-06-18T20:41:39.211+0000] {logging_mixin.py:188} INFO - [2026-06-18T20:41:39.211+0000] {dag.py:3096} INFO - Sync 1 DAGs
[2026-06-18T20:41:39.250+0000] {logging_mixin.py:188} INFO - [2026-06-18T20:41:39.250+0000] {dag.py:3954} INFO - Setting next_dagrun for metals_ingestion_pipeline to 2026-06-18 20:40:00+00:00, run_after=2026-06-18 20:50:00+00:00
[2026-06-18T20:41:39.284+0000] {processor.py:183} INFO - Processing /opt/airflow/dags/metals_pipeline.py took 0.165 seconds
[2026-06-18T20:42:10.059+0000] {processor.py:161} INFO - Started process (PID=261) to work on /opt/airflow/dags/metals_pipeline.py
[2026-06-18T20:42:10.071+0000] {processor.py:830} INFO - Processing file /opt/airflow/dags/metals_pipeline.py for tasks to queue
[2026-06-18T20:42:10.094+0000] {logging_mixin.py:188} INFO - [2026-06-18T20:42:10.090+0000] {dagbag.py:545} INFO - Filling up the DagBag from /opt/airflow/dags/metals_pipeline.py
[2026-06-18T20:42:10.266+0000] {processor.py:840} INFO - DAG(s) 'metals_ingestion_pipeline' retrieved from /opt/airflow/dags/metals_pipeline.py
[2026-06-18T20:42:10.676+0000] {logging_mixin.py:188} INFO - [2026-06-18T20:42:10.675+0000] {dag.py:3096} INFO - Sync 1 DAGs
[2026-06-18T20:42:10.795+0000] {logging_mixin.py:188} INFO - [2026-06-18T20:42:10.795+0000] {dag.py:3954} INFO - Setting next_dagrun for metals_ingestion_pipeline to 2026-06-18 20:40:00+00:00, run_after=2026-06-18 20:50:00+00:00
[2026-06-18T20:42:10.893+0000] {processor.py:183} INFO - Processing /opt/airflow/dags/metals_pipeline.py took 0.928 seconds
[2026-06-18T20:42:41.146+0000] {processor.py:161} INFO - Started process (PID=269) to work on /opt/airflow/dags/metals_pipeline.py
[2026-06-18T20:42:41.148+0000] {processor.py:830} INFO - Processing file /opt/airflow/dags/metals_pipeline.py for tasks to queue
[2026-06-18T20:42:41.152+0000] {logging_mixin.py:188} INFO - [2026-06-18T20:42:41.152+0000] {dagbag.py:545} INFO - Filling up the DagBag from /opt/airflow/dags/metals_pipeline.py
[2026-06-18T20:42:41.196+0000] {processor.py:840} INFO - DAG(s) 'metals_ingestion_pipeline' retrieved from /opt/airflow/dags/metals_pipeline.py
[2026-06-18T20:42:41.261+0000] {logging_mixin.py:188} INFO - [2026-06-18T20:42:41.260+0000] {dag.py:3096} INFO - Sync 1 DAGs
[2026-06-18T20:42:41.327+0000] {logging_mixin.py:188} INFO - [2026-06-18T20:42:41.326+0000] {dag.py:3954} INFO - Setting next_dagrun for metals_ingestion_pipeline to 2026-06-18 20:40:00+00:00, run_after=2026-06-18 20:50:00+00:00
[2026-06-18T20:42:41.374+0000] {processor.py:183} INFO - Processing /opt/airflow/dags/metals_pipeline.py took 0.235 seconds
[2026-06-18T20:43:38.608+0000] {processor.py:161} INFO - Started process (PID=167) to work on /opt/airflow/dags/metals_pipeline.py
[2026-06-18T20:43:38.612+0000] {processor.py:830} INFO - Processing file /opt/airflow/dags/metals_pipeline.py for tasks to queue
[2026-06-18T20:43:38.618+0000] {logging_mixin.py:188} INFO - [2026-06-18T20:43:38.617+0000] {dagbag.py:545} INFO - Filling up the DagBag from /opt/airflow/dags/metals_pipeline.py
[2026-06-18T20:43:38.663+0000] {processor.py:840} INFO - DAG(s) 'metals_ingestion_pipeline' retrieved from /opt/airflow/dags/metals_pipeline.py
[2026-06-18T20:43:38.733+0000] {logging_mixin.py:188} INFO - [2026-06-18T20:43:38.733+0000] {dag.py:3096} INFO - Sync 1 DAGs
[2026-06-18T20:43:38.820+0000] {logging_mixin.py:188} INFO - [2026-06-18T20:43:38.819+0000] {dag.py:3954} INFO - Setting next_dagrun for metals_ingestion_pipeline to 2026-06-18 20:40:00+00:00, run_after=2026-06-18 20:50:00+00:00
[2026-06-18T20:43:38.877+0000] {processor.py:183} INFO - Processing /opt/airflow/dags/metals_pipeline.py took 0.285 seconds
[2026-06-18T20:44:09.190+0000] {processor.py:161} INFO - Started process (PID=181) to work on /opt/airflow/dags/metals_pipeline.py
[2026-06-18T20:44:09.197+0000] {processor.py:830} INFO - Processing file /opt/airflow/dags/metals_pipeline.py for tasks to queue
[2026-06-18T20:44:09.208+0000] {logging_mixin.py:188} INFO - [2026-06-18T20:44:09.204+0000] {dagbag.py:545} INFO - Filling up the DagBag from /opt/airflow/dags/metals_pipeline.py
[2026-06-18T20:44:09.338+0000] {processor.py:840} INFO - DAG(s) 'metals_ingestion_pipeline' retrieved from /opt/airflow/dags/metals_pipeline.py
[2026-06-18T20:44:10.765+0000] {logging_mixin.py:188} INFO - [2026-06-18T20:44:10.764+0000] {dag.py:3096} INFO - Sync 1 DAGs
[2026-06-18T20:44:11.078+0000] {logging_mixin.py:188} INFO - [2026-06-18T20:44:11.077+0000] {dag.py:3954} INFO - Setting next_dagrun for metals_ingestion_pipeline to 2026-06-18 20:40:00+00:00, run_after=2026-06-18 20:50:00+00:00
[2026-06-18T20:44:11.198+0000] {processor.py:183} INFO - Processing /opt/airflow/dags/metals_pipeline.py took 2.037 seconds
[2026-06-18T20:44:41.445+0000] {processor.py:161} INFO - Started process (PID=186) to work on /opt/airflow/dags/metals_pipeline.py
[2026-06-18T20:44:41.448+0000] {processor.py:830} INFO - Processing file /opt/airflow/dags/metals_pipeline.py for tasks to queue
[2026-06-18T20:44:41.456+0000] {logging_mixin.py:188} INFO - [2026-06-18T20:44:41.455+0000] {dagbag.py:545} INFO - Filling up the DagBag from /opt/airflow/dags/metals_pipeline.py
[2026-06-18T20:44:41.518+0000] {processor.py:840} INFO - DAG(s) 'metals_ingestion_pipeline' retrieved from /opt/airflow/dags/metals_pipeline.py
[2026-06-18T20:44:41.559+0000] {logging_mixin.py:188} INFO - [2026-06-18T20:44:41.559+0000] {dag.py:3096} INFO - Sync 1 DAGs
[2026-06-18T20:44:41.628+0000] {logging_mixin.py:188} INFO - [2026-06-18T20:44:41.627+0000] {dag.py:3954} INFO - Setting next_dagrun for metals_ingestion_pipeline to 2026-06-18 20:40:00+00:00, run_after=2026-06-18 20:50:00+00:00
[2026-06-18T20:44:41.682+0000] {processor.py:183} INFO - Processing /opt/airflow/dags/metals_pipeline.py took 0.254 seconds
[2026-06-18T20:45:23.908+0000] {processor.py:161} INFO - Started process (PID=168) to work on /opt/airflow/dags/metals_pipeline.py
[2026-06-18T20:45:23.918+0000] {processor.py:830} INFO - Processing file /opt/airflow/dags/metals_pipeline.py for tasks to queue
[2026-06-18T20:45:23.926+0000] {logging_mixin.py:188} INFO - [2026-06-18T20:45:23.925+0000] {dagbag.py:545} INFO - Filling up the DagBag from /opt/airflow/dags/metals_pipeline.py
[2026-06-18T20:45:24.007+0000] {processor.py:840} INFO - DAG(s) 'metals_ingestion_pipeline' retrieved from /opt/airflow/dags/metals_pipeline.py
[2026-06-18T20:45:24.167+0000] {logging_mixin.py:188} INFO - [2026-06-18T20:45:24.166+0000] {dag.py:3096} INFO - Sync 1 DAGs
[2026-06-18T20:45:24.291+0000] {logging_mixin.py:188} INFO - [2026-06-18T20:45:24.290+0000] {dag.py:3954} INFO - Setting next_dagrun for metals_ingestion_pipeline to 2026-06-18 20:40:00+00:00, run_after=2026-06-18 20:50:00+00:00
[2026-06-18T20:45:24.384+0000] {processor.py:183} INFO - Processing /opt/airflow/dags/metals_pipeline.py took 0.498 seconds
[2026-06-18T20:45:54.722+0000] {processor.py:161} INFO - Started process (PID=173) to work on /opt/airflow/dags/metals_pipeline.py
[2026-06-18T20:45:54.725+0000] {processor.py:830} INFO - Processing file /opt/airflow/dags/metals_pipeline.py for tasks to queue
[2026-06-18T20:45:54.731+0000] {logging_mixin.py:188} INFO - [2026-06-18T20:45:54.730+0000] {dagbag.py:545} INFO - Filling up the DagBag from /opt/airflow/dags/metals_pipeline.py
[2026-06-18T20:45:54.787+0000] {processor.py:840} INFO - DAG(s) 'metals_ingestion_pipeline' retrieved from /opt/airflow/dags/metals_pipeline.py
[2026-06-18T20:45:55.309+0000] {logging_mixin.py:188} INFO - [2026-06-18T20:45:55.309+0000] {dag.py:3096} INFO - Sync 1 DAGs
[2026-06-18T20:45:55.357+0000] {logging_mixin.py:188} INFO - [2026-06-18T20:45:55.357+0000] {dag.py:3954} INFO - Setting next_dagrun for metals_ingestion_pipeline to 2026-06-18 20:40:00+00:00, run_after=2026-06-18 20:50:00+00:00
[2026-06-18T20:45:55.409+0000] {processor.py:183} INFO - Processing /opt/airflow/dags/metals_pipeline.py took 0.707 seconds
[2026-06-18T20:46:25.640+0000] {processor.py:161} INFO - Started process (PID=178) to work on /opt/airflow/dags/metals_pipeline.py
[2026-06-18T20:46:25.644+0000] {processor.py:830} INFO - Processing file /opt/airflow/dags/metals_pipeline.py for tasks to queue
[2026-06-18T20:46:25.649+0000] {logging_mixin.py:188} INFO - [2026-06-18T20:46:25.648+0000] {dagbag.py:545} INFO - Filling up the DagBag from /opt/airflow/dags/metals_pipeline.py
[2026-06-18T20:46:25.705+0000] {processor.py:840} INFO - DAG(s) 'metals_ingestion_pipeline' retrieved from /opt/airflow/dags/metals_pipeline.py
[2026-06-18T20:46:25.787+0000] {logging_mixin.py:188} INFO - [2026-06-18T20:46:25.786+0000] {dag.py:3096} INFO - Sync 1 DAGs
[2026-06-18T20:46:25.857+0000] {logging_mixin.py:188} INFO - [2026-06-18T20:46:25.857+0000] {dag.py:3954} INFO - Setting next_dagrun for metals_ingestion_pipeline to 2026-06-18 20:40:00+00:00, run_after=2026-06-18 20:50:00+00:00
[2026-06-18T20:46:25.912+0000] {processor.py:183} INFO - Processing /opt/airflow/dags/metals_pipeline.py took 0.289 seconds
[2026-06-18T20:46:56.188+0000] {processor.py:161} INFO - Started process (PID=183) to work on /opt/airflow/dags/metals_pipeline.py
[2026-06-18T20:46:56.190+0000] {processor.py:830} INFO - Processing file /opt/airflow/dags/metals_pipeline.py for tasks to queue
[2026-06-18T20:46:56.195+0000] {logging_mixin.py:188} INFO - [2026-06-18T20:46:56.194+0000] {dagbag.py:545} INFO - Filling up the DagBag from /opt/airflow/dags/metals_pipeline.py
[2026-06-18T20:46:56.238+0000] {processor.py:840} INFO - DAG(s) 'metals_ingestion_pipeline' retrieved from /opt/airflow/dags/metals_pipeline.py
[2026-06-18T20:46:56.300+0000] {logging_mixin.py:188} INFO - [2026-06-18T20:46:56.300+0000] {dag.py:3096} INFO - Sync 1 DAGs
[2026-06-18T20:46:56.344+0000] {logging_mixin.py:188} INFO - [2026-06-18T20:46:56.344+0000] {dag.py:3954} INFO - Setting next_dagrun for metals_ingestion_pipeline to 2026-06-18 20:40:00+00:00, run_after=2026-06-18 20:50:00+00:00
[2026-06-18T20:46:56.381+0000] {processor.py:183} INFO - Processing /opt/airflow/dags/metals_pipeline.py took 0.208 seconds
[2026-06-18T20:47:26.677+0000] {processor.py:161} INFO - Started process (PID=188) to work on /opt/airflow/dags/metals_pipeline.py
[2026-06-18T20:47:26.682+0000] {processor.py:830} INFO - Processing file /opt/airflow/dags/metals_pipeline.py for tasks to queue
[2026-06-18T20:47:26.694+0000] {logging_mixin.py:188} INFO - [2026-06-18T20:47:26.686+0000] {dagbag.py:545} INFO - Filling up the DagBag from /opt/airflow/dags/metals_pipeline.py
[2026-06-18T20:47:26.740+0000] {processor.py:840} INFO - DAG(s) 'metals_ingestion_pipeline' retrieved from /opt/airflow/dags/metals_pipeline.py
[2026-06-18T20:47:26.795+0000] {logging_mixin.py:188} INFO - [2026-06-18T20:47:26.795+0000] {dag.py:3096} INFO - Sync 1 DAGs
[2026-06-18T20:47:26.837+0000] {logging_mixin.py:188} INFO - [2026-06-18T20:47:26.837+0000] {dag.py:3954} INFO - Setting next_dagrun for metals_ingestion_pipeline to 2026-06-18 20:40:00+00:00, run_after=2026-06-18 20:50:00+00:00
[2026-06-18T20:47:26.872+0000] {processor.py:183} INFO - Processing /opt/airflow/dags/metals_pipeline.py took 0.215 seconds
[2026-06-18T20:47:57.151+0000] {processor.py:161} INFO - Started process (PID=193) to work on /opt/airflow/dags/metals_pipeline.py
[2026-06-18T20:47:57.154+0000] {processor.py:830} INFO - Processing file /opt/airflow/dags/metals_pipeline.py for tasks to queue
[2026-06-18T20:47:57.158+0000] {logging_mixin.py:188} INFO - [2026-06-18T20:47:57.157+0000] {dagbag.py:545} INFO - Filling up the DagBag from /opt/airflow/dags/metals_pipeline.py
[2026-06-18T20:47:57.203+0000] {processor.py:840} INFO - DAG(s) 'metals_ingestion_pipeline' retrieved from /opt/airflow/dags/metals_pipeline.py
[2026-06-18T20:47:57.284+0000] {logging_mixin.py:188} INFO - [2026-06-18T20:47:57.283+0000] {dag.py:3096} INFO - Sync 1 DAGs
[2026-06-18T20:47:57.341+0000] {logging_mixin.py:188} INFO - [2026-06-18T20:47:57.341+0000] {dag.py:3954} INFO - Setting next_dagrun for metals_ingestion_pipeline to 2026-06-18 20:40:00+00:00, run_after=2026-06-18 20:50:00+00:00
[2026-06-18T20:47:57.415+0000] {processor.py:183} INFO - Processing /opt/airflow/dags/metals_pipeline.py took 0.277 seconds
[2026-06-18T20:48:27.692+0000] {processor.py:161} INFO - Started process (PID=198) to work on /opt/airflow/dags/metals_pipeline.py
[2026-06-18T20:48:27.701+0000] {processor.py:830} INFO - Processing file /opt/airflow/dags/metals_pipeline.py for tasks to queue
[2026-06-18T20:48:27.716+0000] {logging_mixin.py:188} INFO - [2026-06-18T20:48:27.714+0000] {dagbag.py:545} INFO - Filling up the DagBag from /opt/airflow/dags/metals_pipeline.py
[2026-06-18T20:48:27.795+0000] {processor.py:840} INFO - DAG(s) 'metals_ingestion_pipeline' retrieved from /opt/airflow/dags/metals_pipeline.py
[2026-06-18T20:48:27.928+0000] {logging_mixin.py:188} INFO - [2026-06-18T20:48:27.928+0000] {dag.py:3096} INFO - Sync 1 DAGs
[2026-06-18T20:48:28.093+0000] {logging_mixin.py:188} INFO - [2026-06-18T20:48:28.092+0000] {dag.py:3954} INFO - Setting next_dagrun for metals_ingestion_pipeline to 2026-06-18 20:40:00+00:00, run_after=2026-06-18 20:50:00+00:00
[2026-06-18T20:48:28.139+0000] {processor.py:183} INFO - Processing /opt/airflow/dags/metals_pipeline.py took 0.496 seconds
[2026-06-18T20:48:58.425+0000] {processor.py:161} INFO - Started process (PID=203) to work on /opt/airflow/dags/metals_pipeline.py
[2026-06-18T20:48:58.427+0000] {processor.py:830} INFO - Processing file /opt/airflow/dags/metals_pipeline.py for tasks to queue
[2026-06-18T20:48:58.430+0000] {logging_mixin.py:188} INFO - [2026-06-18T20:48:58.430+0000] {dagbag.py:545} INFO - Filling up the DagBag from /opt/airflow/dags/metals_pipeline.py
[2026-06-18T20:48:58.709+0000] {processor.py:840} INFO - DAG(s) 'metals_ingestion_pipeline' retrieved from /opt/airflow/dags/metals_pipeline.py
[2026-06-18T20:48:58.931+0000] {logging_mixin.py:188} INFO - [2026-06-18T20:48:58.931+0000] {dag.py:3096} INFO - Sync 1 DAGs
[2026-06-18T20:48:59.117+0000] {logging_mixin.py:188} INFO - [2026-06-18T20:48:59.117+0000] {dag.py:3954} INFO - Setting next_dagrun for metals_ingestion_pipeline to 2026-06-18 20:40:00+00:00, run_after=2026-06-18 20:50:00+00:00
[2026-06-18T20:48:59.162+0000] {processor.py:183} INFO - Processing /opt/airflow/dags/metals_pipeline.py took 0.799 seconds
[2026-06-18T20:49:29.865+0000] {processor.py:161} INFO - Started process (PID=208) to work on /opt/airflow/dags/metals_pipeline.py
[2026-06-18T20:49:29.868+0000] {processor.py:830} INFO - Processing file /opt/airflow/dags/metals_pipeline.py for tasks to queue
[2026-06-18T20:49:29.875+0000] {logging_mixin.py:188} INFO - [2026-06-18T20:49:29.874+0000] {dagbag.py:545} INFO - Filling up the DagBag from /opt/airflow/dags/metals_pipeline.py
[2026-06-18T20:49:29.922+0000] {processor.py:840} INFO - DAG(s) 'metals_ingestion_pipeline' retrieved from /opt/airflow/dags/metals_pipeline.py
[2026-06-18T20:49:29.995+0000] {logging_mixin.py:188} INFO - [2026-06-18T20:49:29.994+0000] {dag.py:3096} INFO - Sync 1 DAGs
[2026-06-18T20:49:30.057+0000] {logging_mixin.py:188} INFO - [2026-06-18T20:49:30.056+0000] {dag.py:3954} INFO - Setting next_dagrun for metals_ingestion_pipeline to 2026-06-18 20:40:00+00:00, run_after=2026-06-18 20:50:00+00:00
[2026-06-18T20:49:30.105+0000] {processor.py:183} INFO - Processing /opt/airflow/dags/metals_pipeline.py took 0.255 seconds
[2026-06-18T20:50:00.488+0000] {processor.py:161} INFO - Started process (PID=217) to work on /opt/airflow/dags/metals_pipeline.py
[2026-06-18T20:50:00.507+0000] {processor.py:830} INFO - Processing file /opt/airflow/dags/metals_pipeline.py for tasks to queue
[2026-06-18T20:50:00.533+0000] {logging_mixin.py:188} INFO - [2026-06-18T20:50:00.530+0000] {dagbag.py:545} INFO - Filling up the DagBag from /opt/airflow/dags/metals_pipeline.py
[2026-06-18T20:50:00.724+0000] {processor.py:840} INFO - DAG(s) 'metals_ingestion_pipeline' retrieved from /opt/airflow/dags/metals_pipeline.py
[2026-06-18T20:50:01.101+0000] {logging_mixin.py:188} INFO - [2026-06-18T20:50:01.099+0000] {dag.py:3096} INFO - Sync 1 DAGs
[2026-06-18T20:50:01.337+0000] {logging_mixin.py:188} INFO - [2026-06-18T20:50:01.336+0000] {dag.py:3954} INFO - Setting next_dagrun for metals_ingestion_pipeline to 2026-06-18 20:50:00+00:00, run_after=2026-06-18 21:00:00+00:00
[2026-06-18T20:50:01.445+0000] {processor.py:183} INFO - Processing /opt/airflow/dags/metals_pipeline.py took 0.997 seconds
[2026-06-18T20:50:32.228+0000] {processor.py:161} INFO - Started process (PID=226) to work on /opt/airflow/dags/metals_pipeline.py
[2026-06-18T20:50:32.231+0000] {processor.py:830} INFO - Processing file /opt/airflow/dags/metals_pipeline.py for tasks to queue
[2026-06-18T20:50:32.236+0000] {logging_mixin.py:188} INFO - [2026-06-18T20:50:32.235+0000] {dagbag.py:545} INFO - Filling up the DagBag from /opt/airflow/dags/metals_pipeline.py
[2026-06-18T20:50:32.316+0000] {processor.py:840} INFO - DAG(s) 'metals_ingestion_pipeline' retrieved from /opt/airflow/dags/metals_pipeline.py
[2026-06-18T20:50:32.471+0000] {logging_mixin.py:188} INFO - [2026-06-18T20:50:32.470+0000] {dag.py:3096} INFO - Sync 1 DAGs
[2026-06-18T20:50:32.669+0000] {logging_mixin.py:188} INFO - [2026-06-18T20:50:32.668+0000] {dag.py:3954} INFO - Setting next_dagrun for metals_ingestion_pipeline to 2026-06-18 20:50:00+00:00, run_after=2026-06-18 21:00:00+00:00
[2026-06-18T20:50:32.853+0000] {processor.py:183} INFO - Processing /opt/airflow/dags/metals_pipeline.py took 0.636 seconds
[2026-06-18T20:51:03.214+0000] {processor.py:161} INFO - Started process (PID=231) to work on /opt/airflow/dags/metals_pipeline.py
[2026-06-18T20:51:03.217+0000] {processor.py:830} INFO - Processing file /opt/airflow/dags/metals_pipeline.py for tasks to queue
[2026-06-18T20:51:03.225+0000] {logging_mixin.py:188} INFO - [2026-06-18T20:51:03.223+0000] {dagbag.py:545} INFO - Filling up the DagBag from /opt/airflow/dags/metals_pipeline.py
[2026-06-18T20:51:03.287+0000] {processor.py:840} INFO - DAG(s) 'metals_ingestion_pipeline' retrieved from /opt/airflow/dags/metals_pipeline.py
[2026-06-18T20:51:03.363+0000] {logging_mixin.py:188} INFO - [2026-06-18T20:51:03.362+0000] {dag.py:3096} INFO - Sync 1 DAGs
[2026-06-18T20:51:03.424+0000] {logging_mixin.py:188} INFO - [2026-06-18T20:51:03.423+0000] {dag.py:3954} INFO - Setting next_dagrun for metals_ingestion_pipeline to 2026-06-18 20:50:00+00:00, run_after=2026-06-18 21:00:00+00:00
[2026-06-18T20:51:03.465+0000] {processor.py:183} INFO - Processing /opt/airflow/dags/metals_pipeline.py took 0.274 seconds
[2026-06-18T20:51:33.753+0000] {processor.py:161} INFO - Started process (PID=236) to work on /opt/airflow/dags/metals_pipeline.py
[2026-06-18T20:51:33.757+0000] {processor.py:830} INFO - Processing file /opt/airflow/dags/metals_pipeline.py for tasks to queue
[2026-06-18T20:51:33.767+0000] {logging_mixin.py:188} INFO - [2026-06-18T20:51:33.766+0000] {dagbag.py:545} INFO - Filling up the DagBag from /opt/airflow/dags/metals_pipeline.py
[2026-06-18T20:51:33.825+0000] {processor.py:840} INFO - DAG(s) 'metals_ingestion_pipeline' retrieved from /opt/airflow/dags/metals_pipeline.py
[2026-06-18T20:51:33.910+0000] {logging_mixin.py:188} INFO - [2026-06-18T20:51:33.909+0000] {dag.py:3096} INFO - Sync 1 DAGs
[2026-06-18T20:51:33.982+0000] {logging_mixin.py:188} INFO - [2026-06-18T20:51:33.982+0000] {dag.py:3954} INFO - Setting next_dagrun for metals_ingestion_pipeline to 2026-06-18 20:50:00+00:00, run_after=2026-06-18 21:00:00+00:00
[2026-06-18T20:51:34.041+0000] {processor.py:183} INFO - Processing /opt/airflow/dags/metals_pipeline.py took 0.313 seconds
[2026-06-18T20:52:04.193+0000] {processor.py:161} INFO - Started process (PID=249) to work on /opt/airflow/dags/metals_pipeline.py
[2026-06-18T20:52:04.195+0000] {processor.py:830} INFO - Processing file /opt/airflow/dags/metals_pipeline.py for tasks to queue
[2026-06-18T20:52:04.199+0000] {logging_mixin.py:188} INFO - [2026-06-18T20:52:04.199+0000] {dagbag.py:545} INFO - Filling up the DagBag from /opt/airflow/dags/metals_pipeline.py
[2026-06-18T20:52:04.232+0000] {processor.py:840} INFO - DAG(s) 'metals_ingestion_pipeline' retrieved from /opt/airflow/dags/metals_pipeline.py
[2026-06-18T20:52:04.350+0000] {logging_mixin.py:188} INFO - [2026-06-18T20:52:04.349+0000] {dag.py:3096} INFO - Sync 1 DAGs
[2026-06-18T20:52:04.438+0000] {logging_mixin.py:188} INFO - [2026-06-18T20:52:04.438+0000] {dag.py:3954} INFO - Setting next_dagrun for metals_ingestion_pipeline to 2026-06-18 20:50:00+00:00, run_after=2026-06-18 21:00:00+00:00
[2026-06-18T20:52:04.490+0000] {processor.py:183} INFO - Processing /opt/airflow/dags/metals_pipeline.py took 0.310 seconds
[2026-06-18T20:52:35.233+0000] {processor.py:161} INFO - Started process (PID=254) to work on /opt/airflow/dags/metals_pipeline.py
[2026-06-18T20:52:35.241+0000] {processor.py:830} INFO - Processing file /opt/airflow/dags/metals_pipeline.py for tasks to queue
[2026-06-18T20:52:35.264+0000] {logging_mixin.py:188} INFO - [2026-06-18T20:52:35.261+0000] {dagbag.py:545} INFO - Filling up the DagBag from /opt/airflow/dags/metals_pipeline.py
[2026-06-18T20:52:35.385+0000] {processor.py:840} INFO - DAG(s) 'metals_ingestion_pipeline' retrieved from /opt/airflow/dags/metals_pipeline.py
[2026-06-18T20:52:35.501+0000] {logging_mixin.py:188} INFO - [2026-06-18T20:52:35.500+0000] {dag.py:3096} INFO - Sync 1 DAGs
[2026-06-18T20:52:35.579+0000] {logging_mixin.py:188} INFO - [2026-06-18T20:52:35.579+0000] {dag.py:3954} INFO - Setting next_dagrun for metals_ingestion_pipeline to 2026-06-18 20:50:00+00:00, run_after=2026-06-18 21:00:00+00:00
[2026-06-18T20:52:35.639+0000] {processor.py:183} INFO - Processing /opt/airflow/dags/metals_pipeline.py took 0.458 seconds
[2026-06-18T20:53:05.937+0000] {processor.py:161} INFO - Started process (PID=259) to work on /opt/airflow/dags/metals_pipeline.py
[2026-06-18T20:53:05.940+0000] {processor.py:830} INFO - Processing file /opt/airflow/dags/metals_pipeline.py for tasks to queue
[2026-06-18T20:53:05.946+0000] {logging_mixin.py:188} INFO - [2026-06-18T20:53:05.945+0000] {dagbag.py:545} INFO - Filling up the DagBag from /opt/airflow/dags/metals_pipeline.py
[2026-06-18T20:53:06.000+0000] {processor.py:840} INFO - DAG(s) 'metals_ingestion_pipeline' retrieved from /opt/airflow/dags/metals_pipeline.py
[2026-06-18T20:53:06.082+0000] {logging_mixin.py:188} INFO - [2026-06-18T20:53:06.082+0000] {dag.py:3096} INFO - Sync 1 DAGs
[2026-06-18T20:53:06.152+0000] {logging_mixin.py:188} INFO - [2026-06-18T20:53:06.151+0000] {dag.py:3954} INFO - Setting next_dagrun for metals_ingestion_pipeline to 2026-06-18 20:50:00+00:00, run_after=2026-06-18 21:00:00+00:00
[2026-06-18T20:53:06.206+0000] {processor.py:183} INFO - Processing /opt/airflow/dags/metals_pipeline.py took 0.288 seconds
[2026-06-18T20:53:36.355+0000] {processor.py:161} INFO - Started process (PID=272) to work on /opt/airflow/dags/metals_pipeline.py
[2026-06-18T20:53:36.360+0000] {processor.py:830} INFO - Processing file /opt/airflow/dags/metals_pipeline.py for tasks to queue
[2026-06-18T20:53:36.366+0000] {logging_mixin.py:188} INFO - [2026-06-18T20:53:36.365+0000] {dagbag.py:545} INFO - Filling up the DagBag from /opt/airflow/dags/metals_pipeline.py
[2026-06-18T20:53:36.460+0000] {processor.py:840} INFO - DAG(s) 'metals_ingestion_pipeline' retrieved from /opt/airflow/dags/metals_pipeline.py
[2026-06-18T20:53:36.566+0000] {logging_mixin.py:188} INFO - [2026-06-18T20:53:36.566+0000] {dag.py:3096} INFO - Sync 1 DAGs
[2026-06-18T20:53:36.726+0000] {logging_mixin.py:188} INFO - [2026-06-18T20:53:36.725+0000] {dag.py:3954} INFO - Setting next_dagrun for metals_ingestion_pipeline to 2026-06-18 20:50:00+00:00, run_after=2026-06-18 21:00:00+00:00
[2026-06-18T20:53:36.820+0000] {processor.py:183} INFO - Processing /opt/airflow/dags/metals_pipeline.py took 0.489 seconds
[2026-06-18T20:54:07.111+0000] {processor.py:161} INFO - Started process (PID=277) to work on /opt/airflow/dags/metals_pipeline.py
[2026-06-18T20:54:07.115+0000] {processor.py:830} INFO - Processing file /opt/airflow/dags/metals_pipeline.py for tasks to queue
[2026-06-18T20:54:07.122+0000] {logging_mixin.py:188} INFO - [2026-06-18T20:54:07.121+0000] {dagbag.py:545} INFO - Filling up the DagBag from /opt/airflow/dags/metals_pipeline.py
[2026-06-18T20:54:07.184+0000] {processor.py:840} INFO - DAG(s) 'metals_ingestion_pipeline' retrieved from /opt/airflow/dags/metals_pipeline.py
[2026-06-18T20:54:07.272+0000] {logging_mixin.py:188} INFO - [2026-06-18T20:54:07.271+0000] {dag.py:3096} INFO - Sync 1 DAGs
[2026-06-18T20:54:07.334+0000] {logging_mixin.py:188} INFO - [2026-06-18T20:54:07.333+0000] {dag.py:3954} INFO - Setting next_dagrun for metals_ingestion_pipeline to 2026-06-18 20:50:00+00:00, run_after=2026-06-18 21:00:00+00:00
[2026-06-18T20:54:07.382+0000] {processor.py:183} INFO - Processing /opt/airflow/dags/metals_pipeline.py took 0.287 seconds
[2026-06-18T20:54:37.554+0000] {processor.py:161} INFO - Started process (PID=282) to work on /opt/airflow/dags/metals_pipeline.py
[2026-06-18T20:54:37.556+0000] {processor.py:830} INFO - Processing file /opt/airflow/dags/metals_pipeline.py for tasks to queue
[2026-06-18T20:54:37.560+0000] {logging_mixin.py:188} INFO - [2026-06-18T20:54:37.559+0000] {dagbag.py:545} INFO - Filling up the DagBag from /opt/airflow/dags/metals_pipeline.py
[2026-06-18T20:54:37.592+0000] {processor.py:840} INFO - DAG(s) 'metals_ingestion_pipeline' retrieved from /opt/airflow/dags/metals_pipeline.py
[2026-06-18T20:54:37.638+0000] {logging_mixin.py:188} INFO - [2026-06-18T20:54:37.637+0000] {dag.py:3096} INFO - Sync 1 DAGs
[2026-06-18T20:54:37.668+0000] {logging_mixin.py:188} INFO - [2026-06-18T20:54:37.668+0000] {dag.py:3954} INFO - Setting next_dagrun for metals_ingestion_pipeline to 2026-06-18 20:50:00+00:00, run_after=2026-06-18 21:00:00+00:00
[2026-06-18T20:54:37.699+0000] {processor.py:183} INFO - Processing /opt/airflow/dags/metals_pipeline.py took 0.153 seconds
[2026-06-18T20:55:08.313+0000] {processor.py:161} INFO - Started process (PID=295) to work on /opt/airflow/dags/metals_pipeline.py
[2026-06-18T20:55:08.317+0000] {processor.py:830} INFO - Processing file /opt/airflow/dags/metals_pipeline.py for tasks to queue
[2026-06-18T20:55:08.337+0000] {logging_mixin.py:188} INFO - [2026-06-18T20:55:08.334+0000] {dagbag.py:545} INFO - Filling up the DagBag from /opt/airflow/dags/metals_pipeline.py
[2026-06-18T20:55:08.441+0000] {processor.py:840} INFO - DAG(s) 'metals_ingestion_pipeline' retrieved from /opt/airflow/dags/metals_pipeline.py
[2026-06-18T20:55:08.595+0000] {logging_mixin.py:188} INFO - [2026-06-18T20:55:08.594+0000] {dag.py:3096} INFO - Sync 1 DAGs
[2026-06-18T20:55:08.776+0000] {logging_mixin.py:188} INFO - [2026-06-18T20:55:08.775+0000] {dag.py:3954} INFO - Setting next_dagrun for metals_ingestion_pipeline to 2026-06-18 20:50:00+00:00, run_after=2026-06-18 21:00:00+00:00
[2026-06-18T20:55:08.920+0000] {processor.py:183} INFO - Processing /opt/airflow/dags/metals_pipeline.py took 0.633 seconds
[2026-06-18T20:55:39.120+0000] {processor.py:161} INFO - Started process (PID=300) to work on /opt/airflow/dags/metals_pipeline.py
[2026-06-18T20:55:39.122+0000] {processor.py:830} INFO - Processing file /opt/airflow/dags/metals_pipeline.py for tasks to queue
[2026-06-18T20:55:39.125+0000] {logging_mixin.py:188} INFO - [2026-06-18T20:55:39.125+0000] {dagbag.py:545} INFO - Filling up the DagBag from /opt/airflow/dags/metals_pipeline.py
[2026-06-18T20:55:39.161+0000] {processor.py:840} INFO - DAG(s) 'metals_ingestion_pipeline' retrieved from /opt/airflow/dags/metals_pipeline.py
[2026-06-18T20:55:39.209+0000] {logging_mixin.py:188} INFO - [2026-06-18T20:55:39.208+0000] {dag.py:3096} INFO - Sync 1 DAGs
[2026-06-18T20:55:39.244+0000] {logging_mixin.py:188} INFO - [2026-06-18T20:55:39.244+0000] {dag.py:3954} INFO - Setting next_dagrun for metals_ingestion_pipeline to 2026-06-18 20:50:00+00:00, run_after=2026-06-18 21:00:00+00:00
[2026-06-18T20:55:39.279+0000] {processor.py:183} INFO - Processing /opt/airflow/dags/metals_pipeline.py took 0.169 seconds
[2026-06-18T20:56:09.477+0000] {processor.py:161} INFO - Started process (PID=305) to work on /opt/airflow/dags/metals_pipeline.py
[2026-06-18T20:56:09.480+0000] {processor.py:830} INFO - Processing file /opt/airflow/dags/metals_pipeline.py for tasks to queue
[2026-06-18T20:56:09.484+0000] {logging_mixin.py:188} INFO - [2026-06-18T20:56:09.483+0000] {dagbag.py:545} INFO - Filling up the DagBag from /opt/airflow/dags/metals_pipeline.py
[2026-06-18T20:56:09.532+0000] {processor.py:840} INFO - DAG(s) 'metals_ingestion_pipeline' retrieved from /opt/airflow/dags/metals_pipeline.py
[2026-06-18T20:56:09.696+0000] {logging_mixin.py:188} INFO - [2026-06-18T20:56:09.696+0000] {dag.py:3096} INFO - Sync 1 DAGs
[2026-06-18T20:56:09.751+0000] {logging_mixin.py:188} INFO - [2026-06-18T20:56:09.751+0000] {dag.py:3954} INFO - Setting next_dagrun for metals_ingestion_pipeline to 2026-06-18 20:50:00+00:00, run_after=2026-06-18 21:00:00+00:00
[2026-06-18T20:56:09.792+0000] {processor.py:183} INFO - Processing /opt/airflow/dags/metals_pipeline.py took 0.325 seconds
[2026-06-18T20:56:40.492+0000] {processor.py:161} INFO - Started process (PID=310) to work on /opt/airflow/dags/metals_pipeline.py
[2026-06-18T20:56:40.495+0000] {processor.py:830} INFO - Processing file /opt/airflow/dags/metals_pipeline.py for tasks to queue
[2026-06-18T20:56:40.502+0000] {logging_mixin.py:188} INFO - [2026-06-18T20:56:40.501+0000] {dagbag.py:545} INFO - Filling up the DagBag from /opt/airflow/dags/metals_pipeline.py
[2026-06-18T20:56:40.550+0000] {processor.py:840} INFO - DAG(s) 'metals_ingestion_pipeline' retrieved from /opt/airflow/dags/metals_pipeline.py
[2026-06-18T20:56:40.620+0000] {logging_mixin.py:188} INFO - [2026-06-18T20:56:40.620+0000] {dag.py:3096} INFO - Sync 1 DAGs
[2026-06-18T20:56:40.680+0000] {logging_mixin.py:188} INFO - [2026-06-18T20:56:40.680+0000] {dag.py:3954} INFO - Setting next_dagrun for metals_ingestion_pipeline to 2026-06-18 20:50:00+00:00, run_after=2026-06-18 21:00:00+00:00
[2026-06-18T20:56:40.723+0000] {processor.py:183} INFO - Processing /opt/airflow/dags/metals_pipeline.py took 0.246 seconds
[2026-06-18T20:57:11.197+0000] {processor.py:161} INFO - Started process (PID=315) to work on /opt/airflow/dags/metals_pipeline.py
[2026-06-18T20:57:11.199+0000] {processor.py:830} INFO - Processing file /opt/airflow/dags/metals_pipeline.py for tasks to queue
[2026-06-18T20:57:11.203+0000] {logging_mixin.py:188} INFO - [2026-06-18T20:57:11.203+0000] {dagbag.py:545} INFO - Filling up the DagBag from /opt/airflow/dags/metals_pipeline.py
[2026-06-18T20:57:11.244+0000] {processor.py:840} INFO - DAG(s) 'metals_ingestion_pipeline' retrieved from /opt/airflow/dags/metals_pipeline.py
[2026-06-18T20:57:11.297+0000] {logging_mixin.py:188} INFO - [2026-06-18T20:57:11.297+0000] {dag.py:3096} INFO - Sync 1 DAGs
[2026-06-18T20:57:11.338+0000] {logging_mixin.py:188} INFO - [2026-06-18T20:57:11.337+0000] {dag.py:3954} INFO - Setting next_dagrun for metals_ingestion_pipeline to 2026-06-18 20:50:00+00:00, run_after=2026-06-18 21:00:00+00:00
[2026-06-18T20:57:11.373+0000] {processor.py:183} INFO - Processing /opt/airflow/dags/metals_pipeline.py took 0.189 seconds
[2026-06-18T20:57:41.815+0000] {processor.py:161} INFO - Started process (PID=320) to work on /opt/airflow/dags/metals_pipeline.py
[2026-06-18T20:57:41.821+0000] {processor.py:830} INFO - Processing file /opt/airflow/dags/metals_pipeline.py for tasks to queue
[2026-06-18T20:57:41.866+0000] {logging_mixin.py:188} INFO - [2026-06-18T20:57:41.864+0000] {dagbag.py:545} INFO - Filling up the DagBag from /opt/airflow/dags/metals_pipeline.py
[2026-06-18T20:57:42.133+0000] {processor.py:840} INFO - DAG(s) 'metals_ingestion_pipeline' retrieved from /opt/airflow/dags/metals_pipeline.py
[2026-06-18T20:57:43.078+0000] {logging_mixin.py:188} INFO - [2026-06-18T20:57:43.076+0000] {dag.py:3096} INFO - Sync 1 DAGs
[2026-06-18T20:57:43.437+0000] {logging_mixin.py:188} INFO - [2026-06-18T20:57:43.436+0000] {dag.py:3954} INFO - Setting next_dagrun for metals_ingestion_pipeline to 2026-06-18 20:50:00+00:00, run_after=2026-06-18 21:00:00+00:00
[2026-06-18T20:57:43.902+0000] {processor.py:183} INFO - Processing /opt/airflow/dags/metals_pipeline.py took 2.125 seconds
[2026-06-18T20:58:14.404+0000] {processor.py:161} INFO - Started process (PID=325) to work on /opt/airflow/dags/metals_pipeline.py
[2026-06-18T20:58:14.406+0000] {processor.py:830} INFO - Processing file /opt/airflow/dags/metals_pipeline.py for tasks to queue
[2026-06-18T20:58:14.410+0000] {logging_mixin.py:188} INFO - [2026-06-18T20:58:14.409+0000] {dagbag.py:545} INFO - Filling up the DagBag from /opt/airflow/dags/metals_pipeline.py
[2026-06-18T20:58:14.445+0000] {processor.py:840} INFO - DAG(s) 'metals_ingestion_pipeline' retrieved from /opt/airflow/dags/metals_pipeline.py
[2026-06-18T20:58:14.489+0000] {logging_mixin.py:188} INFO - [2026-06-18T20:58:14.488+0000] {dag.py:3096} INFO - Sync 1 DAGs
[2026-06-18T20:58:14.522+0000] {logging_mixin.py:188} INFO - [2026-06-18T20:58:14.522+0000] {dag.py:3954} INFO - Setting next_dagrun for metals_ingestion_pipeline to 2026-06-18 20:50:00+00:00, run_after=2026-06-18 21:00:00+00:00
[2026-06-18T20:58:14.554+0000] {processor.py:183} INFO - Processing /opt/airflow/dags/metals_pipeline.py took 0.159 seconds
[2026-06-18T20:58:45.054+0000] {processor.py:161} INFO - Started process (PID=330) to work on /opt/airflow/dags/metals_pipeline.py
[2026-06-18T20:58:45.057+0000] {processor.py:830} INFO - Processing file /opt/airflow/dags/metals_pipeline.py for tasks to queue
[2026-06-18T20:58:45.062+0000] {logging_mixin.py:188} INFO - [2026-06-18T20:58:45.061+0000] {dagbag.py:545} INFO - Filling up the DagBag from /opt/airflow/dags/metals_pipeline.py
[2026-06-18T20:58:45.105+0000] {processor.py:840} INFO - DAG(s) 'metals_ingestion_pipeline' retrieved from /opt/airflow/dags/metals_pipeline.py
[2026-06-18T20:58:45.190+0000] {logging_mixin.py:188} INFO - [2026-06-18T20:58:45.190+0000] {dag.py:3096} INFO - Sync 1 DAGs
[2026-06-18T20:58:45.250+0000] {logging_mixin.py:188} INFO - [2026-06-18T20:58:45.250+0000] {dag.py:3954} INFO - Setting next_dagrun for metals_ingestion_pipeline to 2026-06-18 20:50:00+00:00, run_after=2026-06-18 21:00:00+00:00
[2026-06-18T20:58:45.300+0000] {processor.py:183} INFO - Processing /opt/airflow/dags/metals_pipeline.py took 0.262 seconds
[2026-06-18T20:59:15.531+0000] {processor.py:161} INFO - Started process (PID=335) to work on /opt/airflow/dags/metals_pipeline.py
[2026-06-18T20:59:15.533+0000] {processor.py:830} INFO - Processing file /opt/airflow/dags/metals_pipeline.py for tasks to queue
[2026-06-18T20:59:15.539+0000] {logging_mixin.py:188} INFO - [2026-06-18T20:59:15.538+0000] {dagbag.py:545} INFO - Filling up the DagBag from /opt/airflow/dags/metals_pipeline.py
[2026-06-18T20:59:15.593+0000] {processor.py:840} INFO - DAG(s) 'metals_ingestion_pipeline' retrieved from /opt/airflow/dags/metals_pipeline.py
[2026-06-18T20:59:15.671+0000] {logging_mixin.py:188} INFO - [2026-06-18T20:59:15.670+0000] {dag.py:3096} INFO - Sync 1 DAGs
[2026-06-18T20:59:15.801+0000] {logging_mixin.py:188} INFO - [2026-06-18T20:59:15.800+0000] {dag.py:3954} INFO - Setting next_dagrun for metals_ingestion_pipeline to 2026-06-18 20:50:00+00:00, run_after=2026-06-18 21:00:00+00:00
[2026-06-18T20:59:15.887+0000] {processor.py:183} INFO - Processing /opt/airflow/dags/metals_pipeline.py took 0.369 seconds
[2026-06-18T20:59:46.202+0000] {processor.py:161} INFO - Started process (PID=340) to work on /opt/airflow/dags/metals_pipeline.py
[2026-06-18T20:59:46.206+0000] {processor.py:830} INFO - Processing file /opt/airflow/dags/metals_pipeline.py for tasks to queue
[2026-06-18T20:59:46.219+0000] {logging_mixin.py:188} INFO - [2026-06-18T20:59:46.218+0000] {dagbag.py:545} INFO - Filling up the DagBag from /opt/airflow/dags/metals_pipeline.py
[2026-06-18T20:59:46.286+0000] {processor.py:840} INFO - DAG(s) 'metals_ingestion_pipeline' retrieved from /opt/airflow/dags/metals_pipeline.py
[2026-06-18T20:59:46.378+0000] {logging_mixin.py:188} INFO - [2026-06-18T20:59:46.378+0000] {dag.py:3096} INFO - Sync 1 DAGs
[2026-06-18T20:59:46.461+0000] {logging_mixin.py:188} INFO - [2026-06-18T20:59:46.460+0000] {dag.py:3954} INFO - Setting next_dagrun for metals_ingestion_pipeline to 2026-06-18 20:50:00+00:00, run_after=2026-06-18 21:00:00+00:00
[2026-06-18T20:59:46.513+0000] {processor.py:183} INFO - Processing /opt/airflow/dags/metals_pipeline.py took 0.347 seconds
[2026-06-18T21:00:18.401+0000] {processor.py:161} INFO - Started process (PID=353) to work on /opt/airflow/dags/metals_pipeline.py
[2026-06-18T21:00:18.496+0000] {processor.py:830} INFO - Processing file /opt/airflow/dags/metals_pipeline.py for tasks to queue
[2026-06-18T21:00:18.619+0000] {logging_mixin.py:188} INFO - [2026-06-18T21:00:18.603+0000] {dagbag.py:545} INFO - Filling up the DagBag from /opt/airflow/dags/metals_pipeline.py
[2026-06-18T21:00:19.364+0000] {processor.py:840} INFO - DAG(s) 'metals_ingestion_pipeline' retrieved from /opt/airflow/dags/metals_pipeline.py
[2026-06-18T21:00:20.337+0000] {logging_mixin.py:188} INFO - [2026-06-18T21:00:20.336+0000] {dag.py:3096} INFO - Sync 1 DAGs
[2026-06-18T21:00:21.374+0000] {logging_mixin.py:188} INFO - [2026-06-18T21:00:21.373+0000] {dag.py:3954} INFO - Setting next_dagrun for metals_ingestion_pipeline to 2026-06-18 21:00:00+00:00, run_after=2026-06-18 21:10:00+00:00
[2026-06-18T21:00:21.821+0000] {processor.py:183} INFO - Processing /opt/airflow/dags/metals_pipeline.py took 4.069 seconds
[2026-06-18T21:00:52.251+0000] {processor.py:161} INFO - Started process (PID=358) to work on /opt/airflow/dags/metals_pipeline.py
[2026-06-18T21:00:52.252+0000] {processor.py:830} INFO - Processing file /opt/airflow/dags/metals_pipeline.py for tasks to queue
[2026-06-18T21:00:52.255+0000] {logging_mixin.py:188} INFO - [2026-06-18T21:00:52.255+0000] {dagbag.py:545} INFO - Filling up the DagBag from /opt/airflow/dags/metals_pipeline.py
[2026-06-18T21:00:52.285+0000] {processor.py:840} INFO - DAG(s) 'metals_ingestion_pipeline' retrieved from /opt/airflow/dags/metals_pipeline.py
[2026-06-18T21:00:52.331+0000] {logging_mixin.py:188} INFO - [2026-06-18T21:00:52.331+0000] {dag.py:3096} INFO - Sync 1 DAGs
[2026-06-18T21:00:52.367+0000] {logging_mixin.py:188} INFO - [2026-06-18T21:00:52.367+0000] {dag.py:3954} INFO - Setting next_dagrun for metals_ingestion_pipeline to 2026-06-18 21:00:00+00:00, run_after=2026-06-18 21:10:00+00:00
[2026-06-18T21:00:52.399+0000] {processor.py:183} INFO - Processing /opt/airflow/dags/metals_pipeline.py took 0.157 seconds
[2026-06-18T21:01:22.597+0000] {processor.py:161} INFO - Started process (PID=363) to work on /opt/airflow/dags/metals_pipeline.py
[2026-06-18T21:01:22.600+0000] {processor.py:830} INFO - Processing file /opt/airflow/dags/metals_pipeline.py for tasks to queue
[2026-06-18T21:01:22.607+0000] {logging_mixin.py:188} INFO - [2026-06-18T21:01:22.606+0000] {dagbag.py:545} INFO - Filling up the DagBag from /opt/airflow/dags/metals_pipeline.py
[2026-06-18T21:01:22.658+0000] {processor.py:840} INFO - DAG(s) 'metals_ingestion_pipeline' retrieved from /opt/airflow/dags/metals_pipeline.py
[2026-06-18T21:01:22.744+0000] {logging_mixin.py:188} INFO - [2026-06-18T21:01:22.743+0000] {dag.py:3096} INFO - Sync 1 DAGs
[2026-06-18T21:01:22.808+0000] {logging_mixin.py:188} INFO - [2026-06-18T21:01:22.808+0000] {dag.py:3954} INFO - Setting next_dagrun for metals_ingestion_pipeline to 2026-06-18 21:00:00+00:00, run_after=2026-06-18 21:10:00+00:00
[2026-06-18T21:01:22.858+0000] {processor.py:183} INFO - Processing /opt/airflow/dags/metals_pipeline.py took 0.277 seconds
[2026-06-18T21:01:53.247+0000] {processor.py:161} INFO - Started process (PID=376) to work on /opt/airflow/dags/metals_pipeline.py
[2026-06-18T21:01:53.254+0000] {processor.py:830} INFO - Processing file /opt/airflow/dags/metals_pipeline.py for tasks to queue
[2026-06-18T21:01:53.283+0000] {logging_mixin.py:188} INFO - [2026-06-18T21:01:53.282+0000] {dagbag.py:545} INFO - Filling up the DagBag from /opt/airflow/dags/metals_pipeline.py
[2026-06-18T21:01:53.478+0000] {processor.py:840} INFO - DAG(s) 'metals_ingestion_pipeline' retrieved from /opt/airflow/dags/metals_pipeline.py
[2026-06-18T21:01:53.918+0000] {logging_mixin.py:188} INFO - [2026-06-18T21:01:53.917+0000] {dag.py:3096} INFO - Sync 1 DAGs
[2026-06-18T21:01:54.210+0000] {logging_mixin.py:188} INFO - [2026-06-18T21:01:54.210+0000] {dag.py:3954} INFO - Setting next_dagrun for metals_ingestion_pipeline to 2026-06-18 21:00:00+00:00, run_after=2026-06-18 21:10:00+00:00
[2026-06-18T21:01:54.589+0000] {processor.py:183} INFO - Processing /opt/airflow/dags/metals_pipeline.py took 1.400 seconds
[2026-06-18T21:02:25.104+0000] {processor.py:161} INFO - Started process (PID=381) to work on /opt/airflow/dags/metals_pipeline.py
[2026-06-18T21:02:25.107+0000] {processor.py:830} INFO - Processing file /opt/airflow/dags/metals_pipeline.py for tasks to queue
[2026-06-18T21:02:25.113+0000] {logging_mixin.py:188} INFO - [2026-06-18T21:02:25.112+0000] {dagbag.py:545} INFO - Filling up the DagBag from /opt/airflow/dags/metals_pipeline.py
[2026-06-18T21:02:25.183+0000] {processor.py:840} INFO - DAG(s) 'metals_ingestion_pipeline' retrieved from /opt/airflow/dags/metals_pipeline.py
[2026-06-18T21:02:25.262+0000] {logging_mixin.py:188} INFO - [2026-06-18T21:02:25.261+0000] {dag.py:3096} INFO - Sync 1 DAGs
[2026-06-18T21:02:25.322+0000] {logging_mixin.py:188} INFO - [2026-06-18T21:02:25.321+0000] {dag.py:3954} INFO - Setting next_dagrun for metals_ingestion_pipeline to 2026-06-18 21:00:00+00:00, run_after=2026-06-18 21:10:00+00:00
[2026-06-18T21:02:25.369+0000] {processor.py:183} INFO - Processing /opt/airflow/dags/metals_pipeline.py took 0.280 seconds
[2026-06-18T21:02:56.256+0000] {processor.py:161} INFO - Started process (PID=386) to work on /opt/airflow/dags/metals_pipeline.py
[2026-06-18T21:02:56.262+0000] {processor.py:830} INFO - Processing file /opt/airflow/dags/metals_pipeline.py for tasks to queue
[2026-06-18T21:02:56.281+0000] {logging_mixin.py:188} INFO - [2026-06-18T21:02:56.279+0000] {dagbag.py:545} INFO - Filling up the DagBag from /opt/airflow/dags/metals_pipeline.py
[2026-06-18T21:02:56.480+0000] {processor.py:840} INFO - DAG(s) 'metals_ingestion_pipeline' retrieved from /opt/airflow/dags/metals_pipeline.py
[2026-06-18T21:02:56.650+0000] {logging_mixin.py:188} INFO - [2026-06-18T21:02:56.649+0000] {dag.py:3096} INFO - Sync 1 DAGs
[2026-06-18T21:02:56.791+0000] {logging_mixin.py:188} INFO - [2026-06-18T21:02:56.790+0000] {dag.py:3954} INFO - Setting next_dagrun for metals_ingestion_pipeline to 2026-06-18 21:00:00+00:00, run_after=2026-06-18 21:10:00+00:00
[2026-06-18T21:02:56.906+0000] {processor.py:183} INFO - Processing /opt/airflow/dags/metals_pipeline.py took 0.690 seconds
[2026-06-18T21:03:27.168+0000] {processor.py:161} INFO - Started process (PID=399) to work on /opt/airflow/dags/metals_pipeline.py
[2026-06-18T21:03:27.171+0000] {processor.py:830} INFO - Processing file /opt/airflow/dags/metals_pipeline.py for tasks to queue
[2026-06-18T21:03:27.176+0000] {logging_mixin.py:188} INFO - [2026-06-18T21:03:27.176+0000] {dagbag.py:545} INFO - Filling up the DagBag from /opt/airflow/dags/metals_pipeline.py
[2026-06-18T21:03:27.231+0000] {processor.py:840} INFO - DAG(s) 'metals_ingestion_pipeline' retrieved from /opt/airflow/dags/metals_pipeline.py
[2026-06-18T21:03:27.453+0000] {logging_mixin.py:188} INFO - [2026-06-18T21:03:27.453+0000] {dag.py:3096} INFO - Sync 1 DAGs
[2026-06-18T21:03:27.542+0000] {logging_mixin.py:188} INFO - [2026-06-18T21:03:27.542+0000] {dag.py:3954} INFO - Setting next_dagrun for metals_ingestion_pipeline to 2026-06-18 21:00:00+00:00, run_after=2026-06-18 21:10:00+00:00
[2026-06-18T21:03:27.648+0000] {processor.py:183} INFO - Processing /opt/airflow/dags/metals_pipeline.py took 0.500 seconds
