[2026-06-18T20:41:17.774+0000] {local_task_job_runner.py:120} INFO - ::group::Pre task execution logs
[2026-06-18T20:41:17.870+0000] {taskinstance.py:2076} INFO - Dependencies all met for dep_context=non-requeueable deps ti=<TaskInstance: metals_ingestion_pipeline.collect_latest_prices scheduled__2026-06-18T20:20:00+00:00 [queued]>
[2026-06-18T20:41:17.893+0000] {taskinstance.py:2076} INFO - Dependencies all met for dep_context=requeueable deps ti=<TaskInstance: metals_ingestion_pipeline.collect_latest_prices scheduled__2026-06-18T20:20:00+00:00 [queued]>
[2026-06-18T20:41:17.895+0000] {taskinstance.py:2306} INFO - Starting attempt 4 of 4
[2026-06-18T20:41:17.928+0000] {taskinstance.py:2330} INFO - Executing <Task(PythonOperator): collect_latest_prices> on 2026-06-18 20:20:00+00:00
[2026-06-18T20:41:17.951+0000] {standard_task_runner.py:90} INFO - Running: ['***', 'tasks', 'run', 'metals_ingestion_pipeline', 'collect_latest_prices', 'scheduled__2026-06-18T20:20:00+00:00', '--job-id', '23', '--raw', '--subdir', 'DAGS_FOLDER/metals_pipeline.py', '--cfg-path', '/tmp/tmpam1s2l9q']
[2026-06-18T20:41:17.960+0000] {standard_task_runner.py:91} INFO - Job 23: Subtask collect_latest_prices
[2026-06-18T20:41:17.964+0000] {logging_mixin.py:188} WARNING - /home/***/.local/lib/python3.12/site-packages/***/task/task_runner/standard_task_runner.py:61 DeprecationWarning: This process (pid=243) is multi-threaded, use of fork() may lead to deadlocks in the child.
[2026-06-18T20:41:17.968+0000] {standard_task_runner.py:63} INFO - Started process 246 to run task
[2026-06-18T20:41:18.134+0000] {task_command.py:426} INFO - Running <TaskInstance: metals_ingestion_pipeline.collect_latest_prices scheduled__2026-06-18T20:20:00+00:00 [running]> on host 35f9dcde3a29
[2026-06-18T20:41:18.425+0000] {taskinstance.py:2648} INFO - Exporting env vars: AIRFLOW_CTX_DAG_OWNER='***' AIRFLOW_CTX_DAG_ID='metals_ingestion_pipeline' AIRFLOW_CTX_TASK_ID='collect_latest_prices' AIRFLOW_CTX_EXECUTION_DATE='2026-06-18T20:20:00+00:00' AIRFLOW_CTX_TRY_NUMBER='4' AIRFLOW_CTX_DAG_RUN_ID='scheduled__2026-06-18T20:20:00+00:00'
[2026-06-18T20:41:18.428+0000] {taskinstance.py:430} INFO - ::endgroup::
[2026-06-18T20:41:18.558+0000] {taskinstance.py:441} INFO - ::group::Post task execution logs
[2026-06-18T20:41:18.560+0000] {taskinstance.py:2905} ERROR - Task failed with exception
Traceback (most recent call last):
  File "/home/airflow/.local/lib/python3.12/site-packages/airflow/models/taskinstance.py", line 465, in _execute_task
    result = _execute_callable(context=context, **execute_callable_kwargs)
             ^^^^^^^^^^^^^^^^^^^^^^^^^^^^^^^^^^^^^^^^^^^^^^^^^^^^^^^^^^^^^
  File "/home/airflow/.local/lib/python3.12/site-packages/airflow/models/taskinstance.py", line 432, in _execute_callable
    return execute_callable(context=context, **execute_callable_kwargs)
           ^^^^^^^^^^^^^^^^^^^^^^^^^^^^^^^^^^^^^^^^^^^^^^^^^^^^^^^^^^^^
  File "/home/airflow/.local/lib/python3.12/site-packages/airflow/models/baseoperator.py", line 400, in wrapper
    return func(self, *args, **kwargs)
           ^^^^^^^^^^^^^^^^^^^^^^^^^^^
  File "/home/airflow/.local/lib/python3.12/site-packages/airflow/operators/python.py", line 235, in execute
    return_value = self.execute_callable()
                   ^^^^^^^^^^^^^^^^^^^^^^^
  File "/home/airflow/.local/lib/python3.12/site-packages/airflow/operators/python.py", line 252, in execute_callable
    return self.python_callable(*self.op_args, **self.op_kwargs)
           ^^^^^^^^^^^^^^^^^^^^^^^^^^^^^^^^^^^^^^^^^^^^^^^^^^^^^
  File "/opt/airflow/dags/metals_pipeline.py", line 15, in run_latest
    from Ingestion.producer import publish
  File "/opt/ingestion/Ingestion/producer.py", line 1, in <module>
    from kafka import KafkaProducer
ModuleNotFoundError: No module named 'kafka'
[2026-06-18T20:41:18.603+0000] {taskinstance.py:1206} INFO - Marking task as FAILED. dag_id=metals_ingestion_pipeline, task_id=collect_latest_prices, run_id=scheduled__2026-06-18T20:20:00+00:00, execution_date=20260618T202000, start_date=20260618T204117, end_date=20260618T204118
[2026-06-18T20:41:18.629+0000] {standard_task_runner.py:110} ERROR - Failed to execute job 23 for task collect_latest_prices (No module named 'kafka'; 246)
[2026-06-18T20:41:18.667+0000] {local_task_job_runner.py:240} INFO - Task exited with return code 1
[2026-06-18T20:41:18.694+0000] {local_task_job_runner.py:222} INFO - ::endgroup::
