[2026-06-18T20:41:03.704+0000] {local_task_job_runner.py:120} INFO - ::group::Pre task execution logs
[2026-06-18T20:41:03.867+0000] {taskinstance.py:2076} INFO - Dependencies all met for dep_context=non-requeueable deps ti=<TaskInstance: metals_ingestion_pipeline.collect_spot_prices scheduled__2026-06-18T20:30:00+00:00 [queued]>
[2026-06-18T20:41:03.886+0000] {taskinstance.py:2076} INFO - Dependencies all met for dep_context=requeueable deps ti=<TaskInstance: metals_ingestion_pipeline.collect_spot_prices scheduled__2026-06-18T20:30:00+00:00 [queued]>
[2026-06-18T20:41:03.888+0000] {taskinstance.py:2306} INFO - Starting attempt 2 of 4
[2026-06-18T20:41:03.931+0000] {taskinstance.py:2330} INFO - Executing <Task(PythonOperator): collect_spot_prices> on 2026-06-18 20:30:00+00:00
[2026-06-18T20:41:03.970+0000] {logging_mixin.py:188} WARNING - /home/***/.local/lib/python3.12/site-packages/***/task/task_runner/standard_task_runner.py:61 DeprecationWarning: This process (pid=233) is multi-threaded, use of fork() may lead to deadlocks in the child.
[2026-06-18T20:41:03.979+0000] {standard_task_runner.py:63} INFO - Started process 236 to run task
[2026-06-18T20:41:03.962+0000] {standard_task_runner.py:90} INFO - Running: ['***', 'tasks', 'run', 'metals_ingestion_pipeline', 'collect_spot_prices', 'scheduled__2026-06-18T20:30:00+00:00', '--job-id', '18', '--raw', '--subdir', 'DAGS_FOLDER/metals_pipeline.py', '--cfg-path', '/tmp/tmpd9faffrc']
[2026-06-18T20:41:03.994+0000] {standard_task_runner.py:91} INFO - Job 18: Subtask collect_spot_prices
[2026-06-18T20:41:04.609+0000] {task_command.py:426} INFO - Running <TaskInstance: metals_ingestion_pipeline.collect_spot_prices scheduled__2026-06-18T20:30:00+00:00 [running]> on host 35f9dcde3a29
[2026-06-18T20:41:05.425+0000] {taskinstance.py:2648} INFO - Exporting env vars: AIRFLOW_CTX_DAG_OWNER='***' AIRFLOW_CTX_DAG_ID='metals_ingestion_pipeline' AIRFLOW_CTX_TASK_ID='collect_spot_prices' AIRFLOW_CTX_EXECUTION_DATE='2026-06-18T20:30:00+00:00' AIRFLOW_CTX_TRY_NUMBER='2' AIRFLOW_CTX_DAG_RUN_ID='scheduled__2026-06-18T20:30:00+00:00'
[2026-06-18T20:41:05.437+0000] {taskinstance.py:430} INFO - ::endgroup::
[2026-06-18T20:41:06.222+0000] {taskinstance.py:441} INFO - ::group::Post task execution logs
[2026-06-18T20:41:06.236+0000] {taskinstance.py:2905} ERROR - Task failed with exception
Traceback (most recent call last):
  File "/home/airflow/.local/lib/python3.12/site-packages/airflow/models/taskinstance.py", line 465, in _execute_task
    result = _execute_callable(context=context, **execute_callable_kwargs)
             ^^^^^^^^^^^^^^^^^^^^^^^^^^^^^^^^^^^^^^^^^^^^^^^^^^^^^^^^^^^^^
  File "/home/airflow/.local/lib/python3.12/site-packages/airflow/models/taskinstance.py", line 432, in _execute_callable
    return execute_callable(context=context, **execute_callable_kwargs)
           ^^^^^^^^^^^^^^^^^^^^^^^^^^^^^^^^^^^^^^^^^^^^^^^^^^^^^^^^^^^^
  File "/home/airflow/.local/lib/python3.12/site-packages/airflow/models/baseoperator.py", line 400, in wrapper
    return func(self, *args, **kwargs)
           ^^^^^^^^^^^^^^^^^^^^^^^^^^^
  File "/home/airflow/.local/lib/python3.12/site-packages/airflow/operators/python.py", line 235, in execute
    return_value = self.execute_callable()
                   ^^^^^^^^^^^^^^^^^^^^^^^
  File "/home/airflow/.local/lib/python3.12/site-packages/airflow/operators/python.py", line 252, in execute_callable
    return self.python_callable(*self.op_args, **self.op_kwargs)
           ^^^^^^^^^^^^^^^^^^^^^^^^^^^^^^^^^^^^^^^^^^^^^^^^^^^^^
  File "/opt/airflow/dags/metals_pipeline.py", line 20, in run_spot
    from Ingestion.producer import publish
  File "/opt/ingestion/Ingestion/producer.py", line 1, in <module>
    from kafka import KafkaProducer
ModuleNotFoundError: No module named 'kafka'
[2026-06-18T20:41:06.417+0000] {taskinstance.py:1206} INFO - Marking task as UP_FOR_RETRY. dag_id=metals_ingestion_pipeline, task_id=collect_spot_prices, run_id=scheduled__2026-06-18T20:30:00+00:00, execution_date=20260618T203000, start_date=20260618T204103, end_date=20260618T204106
[2026-06-18T20:41:06.500+0000] {standard_task_runner.py:110} ERROR - Failed to execute job 18 for task collect_spot_prices (No module named 'kafka'; 236)
[2026-06-18T20:41:06.585+0000] {local_task_job_runner.py:240} INFO - Task exited with return code 1
[2026-06-18T20:41:06.735+0000] {taskinstance.py:3498} INFO - 0 downstream tasks scheduled from follow-on schedule check
[2026-06-18T20:41:06.746+0000] {local_task_job_runner.py:222} INFO - ::endgroup::
