[2026-06-18T20:43:39.188+0000] {local_task_job_runner.py:120} INFO - ::group::Pre task execution logs
[2026-06-18T20:43:39.277+0000] {taskinstance.py:2076} INFO - Dependencies all met for dep_context=non-requeueable deps ti=<TaskInstance: metals_ingestion_pipeline.collect_spot_prices scheduled__2026-06-18T20:30:00+00:00 [queued]>
[2026-06-18T20:43:39.297+0000] {taskinstance.py:2076} INFO - Dependencies all met for dep_context=requeueable deps ti=<TaskInstance: metals_ingestion_pipeline.collect_spot_prices scheduled__2026-06-18T20:30:00+00:00 [queued]>
[2026-06-18T20:43:39.300+0000] {taskinstance.py:2306} INFO - Starting attempt 4 of 4
[2026-06-18T20:43:39.337+0000] {taskinstance.py:2330} INFO - Executing <Task(PythonOperator): collect_spot_prices> on 2026-06-18 20:30:00+00:00
[2026-06-18T20:43:39.356+0000] {standard_task_runner.py:90} INFO - Running: ['***', 'tasks', 'run', 'metals_ingestion_pipeline', 'collect_spot_prices', 'scheduled__2026-06-18T20:30:00+00:00', '--job-id', '31', '--raw', '--subdir', 'DAGS_FOLDER/metals_pipeline.py', '--cfg-path', '/tmp/tmpqwfwo_zn']
[2026-06-18T20:43:39.365+0000] {logging_mixin.py:188} WARNING - /home/***/.local/lib/python3.12/site-packages/***/task/task_runner/standard_task_runner.py:61 DeprecationWarning: This process (pid=172) is multi-threaded, use of fork() may lead to deadlocks in the child.
[2026-06-18T20:43:39.367+0000] {standard_task_runner.py:91} INFO - Job 31: Subtask collect_spot_prices
[2026-06-18T20:43:39.369+0000] {standard_task_runner.py:63} INFO - Started process 178 to run task
[2026-06-18T20:43:39.560+0000] {task_command.py:426} INFO - Running <TaskInstance: metals_ingestion_pipeline.collect_spot_prices scheduled__2026-06-18T20:30:00+00:00 [running]> on host 560716f0256b
[2026-06-18T20:43:39.838+0000] {taskinstance.py:2648} INFO - Exporting env vars: AIRFLOW_CTX_DAG_OWNER='***' AIRFLOW_CTX_DAG_ID='metals_ingestion_pipeline' AIRFLOW_CTX_TASK_ID='collect_spot_prices' AIRFLOW_CTX_EXECUTION_DATE='2026-06-18T20:30:00+00:00' AIRFLOW_CTX_TRY_NUMBER='4' AIRFLOW_CTX_DAG_RUN_ID='scheduled__2026-06-18T20:30:00+00:00'
[2026-06-18T20:43:39.841+0000] {taskinstance.py:430} INFO - ::endgroup::
[2026-06-18T20:43:41.621+0000] {manager.py:78} WARNING - socks5_proxy is deprecated, use proxy_url instead
[2026-06-18T20:43:41.642+0000] {manager.py:247} ERROR - Connection failed: KafkaConnectionError: 111 ECONNREFUSED
[2026-06-18T20:43:41.645+0000] {cluster.py:171} INFO - Metadata refresh (node_id=bootstrap-0)
[2026-06-18T20:43:41.647+0000] {cluster.py:177} ERROR - Metadata refresh: failed NodeNotReadyError: bootstrap-0
[2026-06-18T20:43:41.651+0000] {manager.py:152} ERROR - Bootstrap attempt to bootstrap-0 failed: NodeNotReadyError: bootstrap-0
[2026-06-18T20:43:41.771+0000] {manager.py:247} ERROR - Connection failed: KafkaConnectionError: 111 ECONNREFUSED
[2026-06-18T20:43:41.773+0000] {cluster.py:171} INFO - Metadata refresh (node_id=bootstrap-0)
[2026-06-18T20:43:41.775+0000] {cluster.py:177} ERROR - Metadata refresh: failed NodeNotReadyError: bootstrap-0
[2026-06-18T20:43:41.776+0000] {manager.py:152} ERROR - Bootstrap attempt to bootstrap-0 failed: NodeNotReadyError: bootstrap-0
[2026-06-18T20:43:42.223+0000] {manager.py:247} ERROR - Connection failed: KafkaConnectionError: 111 ECONNREFUSED
[2026-06-18T20:43:42.225+0000] {cluster.py:171} INFO - Metadata refresh (node_id=bootstrap-0)
[2026-06-18T20:43:42.227+0000] {cluster.py:177} ERROR - Metadata refresh: failed NodeNotReadyError: bootstrap-0
[2026-06-18T20:43:42.229+0000] {manager.py:152} ERROR - Bootstrap attempt to bootstrap-0 failed: NodeNotReadyError: bootstrap-0
[2026-06-18T20:43:44.064+0000] {manager.py:247} ERROR - Connection failed: KafkaConnectionError: 111 ECONNREFUSED
[2026-06-18T20:43:44.065+0000] {cluster.py:171} INFO - Metadata refresh (node_id=bootstrap-0)
[2026-06-18T20:43:44.067+0000] {cluster.py:177} ERROR - Metadata refresh: failed NodeNotReadyError: bootstrap-0
[2026-06-18T20:43:44.069+0000] {manager.py:152} ERROR - Bootstrap attempt to bootstrap-0 failed: NodeNotReadyError: bootstrap-0
[2026-06-18T20:43:49.439+0000] {manager.py:247} ERROR - Connection failed: KafkaConnectionError: 111 ECONNREFUSED
[2026-06-18T20:43:49.441+0000] {cluster.py:171} INFO - Metadata refresh (node_id=bootstrap-0)
[2026-06-18T20:43:49.443+0000] {cluster.py:177} ERROR - Metadata refresh: failed NodeNotReadyError: bootstrap-0
[2026-06-18T20:43:49.446+0000] {manager.py:152} ERROR - Bootstrap attempt to bootstrap-0 failed: NodeNotReadyError: bootstrap-0
[2026-06-18T20:44:12.571+0000] {manager.py:172} ERROR - Bootstrap failed: KafkaTimeoutError: Unable to bootstrap from localhost:9092
[2026-06-18T20:44:12.580+0000] {taskinstance.py:441} INFO - ::group::Post task execution logs
[2026-06-18T20:44:12.592+0000] {taskinstance.py:2905} ERROR - Task failed with exception
Traceback (most recent call last):
  File "/home/airflow/.local/lib/python3.12/site-packages/airflow/models/taskinstance.py", line 465, in _execute_task
    result = _execute_callable(context=context, **execute_callable_kwargs)
             ^^^^^^^^^^^^^^^^^^^^^^^^^^^^^^^^^^^^^^^^^^^^^^^^^^^^^^^^^^^^^
  File "/home/airflow/.local/lib/python3.12/site-packages/airflow/models/taskinstance.py", line 432, in _execute_callable
    return execute_callable(context=context, **execute_callable_kwargs)
           ^^^^^^^^^^^^^^^^^^^^^^^^^^^^^^^^^^^^^^^^^^^^^^^^^^^^^^^^^^^^
  File "/home/airflow/.local/lib/python3.12/site-packages/airflow/models/baseoperator.py", line 400, in wrapper
    return func(self, *args, **kwargs)
           ^^^^^^^^^^^^^^^^^^^^^^^^^^^
  File "/home/airflow/.local/lib/python3.12/site-packages/airflow/operators/python.py", line 235, in execute
    return_value = self.execute_callable()
                   ^^^^^^^^^^^^^^^^^^^^^^^
  File "/home/airflow/.local/lib/python3.12/site-packages/airflow/operators/python.py", line 252, in execute_callable
    return self.python_callable(*self.op_args, **self.op_kwargs)
           ^^^^^^^^^^^^^^^^^^^^^^^^^^^^^^^^^^^^^^^^^^^^^^^^^^^^^
  File "/opt/airflow/dags/metals_pipeline.py", line 20, in run_spot
    from Ingestion.producer import publish
  File "/opt/ingestion/Ingestion/producer.py", line 9, in <module>
    producer = KafkaProducer(
               ^^^^^^^^^^^^^^
  File "/home/airflow/.local/lib/python3.12/site-packages/kafka/producer/kafka.py", line 534, in __init__
    manager.bootstrap(self.config['bootstrap_timeout_ms'])
  File "/home/airflow/.local/lib/python3.12/site-packages/kafka/net/manager.py", line 176, in bootstrap
    self._net.run(self.bootstrap_async, timeout_ms, refresh)
  File "/home/airflow/.local/lib/python3.12/site-packages/kafka/net/selector.py", line 283, in run
    raise future.exception
  File "/home/airflow/.local/lib/python3.12/site-packages/kafka/net/selector.py", line 357, in wrapper
    future.success(await self._invoke(coro, *args))
                   ^^^^^^^^^^^^^^^^^^^^^^^^^^^^^^^
  File "/home/airflow/.local/lib/python3.12/site-packages/kafka/net/selector.py", line 376, in _invoke
    result = await result
             ^^^^^^^^^^^^
  File "/home/airflow/.local/lib/python3.12/site-packages/kafka/future.py", line 165, in __await__
    raise self.exception
  File "/home/airflow/.local/lib/python3.12/site-packages/kafka/net/selector.py", line 357, in wrapper
    future.success(await self._invoke(coro, *args))
                   ^^^^^^^^^^^^^^^^^^^^^^^^^^^^^^^
  File "/home/airflow/.local/lib/python3.12/site-packages/kafka/net/selector.py", line 370, in _invoke
    result = await coro(*args)
             ^^^^^^^^^^^^^^^^^
  File "/home/airflow/.local/lib/python3.12/site-packages/kafka/net/manager.py", line 163, in _do_bootstrap
    raise Errors.KafkaTimeoutError(
kafka.errors.KafkaTimeoutError: KafkaTimeoutError: Unable to bootstrap from localhost:9092
[2026-06-18T20:44:12.848+0000] {taskinstance.py:1206} INFO - Marking task as FAILED. dag_id=metals_ingestion_pipeline, task_id=collect_spot_prices, run_id=scheduled__2026-06-18T20:30:00+00:00, execution_date=20260618T203000, start_date=20260618T204339, end_date=20260618T204412
[2026-06-18T20:44:12.975+0000] {standard_task_runner.py:110} ERROR - Failed to execute job 31 for task collect_spot_prices (KafkaTimeoutError: Unable to bootstrap from localhost:9092; 178)
[2026-06-18T20:44:13.061+0000] {local_task_job_runner.py:240} INFO - Task exited with return code 1
[2026-06-18T20:44:13.167+0000] {local_task_job_runner.py:222} INFO - ::endgroup::
