[2026-06-18T20:51:42.480+0000] {local_task_job_runner.py:120} INFO - ::group::Pre task execution logs
[2026-06-18T20:51:42.648+0000] {taskinstance.py:2076} INFO - Dependencies all met for dep_context=non-requeueable deps ti=<TaskInstance: metals_ingestion_pipeline.collect_authority_prices scheduled__2026-06-18T20:40:00+00:00 [queued]>
[2026-06-18T20:51:42.672+0000] {taskinstance.py:2076} INFO - Dependencies all met for dep_context=requeueable deps ti=<TaskInstance: metals_ingestion_pipeline.collect_authority_prices scheduled__2026-06-18T20:40:00+00:00 [queued]>
[2026-06-18T20:51:42.674+0000] {taskinstance.py:2306} INFO - Starting attempt 2 of 4
[2026-06-18T20:51:42.727+0000] {taskinstance.py:2330} INFO - Executing <Task(PythonOperator): collect_authority_prices> on 2026-06-18 20:40:00+00:00
[2026-06-18T20:51:42.746+0000] {standard_task_runner.py:90} INFO - Running: ['***', 'tasks', 'run', 'metals_ingestion_pipeline', 'collect_authority_prices', 'scheduled__2026-06-18T20:40:00+00:00', '--job-id', '41', '--raw', '--subdir', 'DAGS_FOLDER/metals_pipeline.py', '--cfg-path', '/tmp/tmp2w02ilzf']
[2026-06-18T20:51:42.754+0000] {standard_task_runner.py:91} INFO - Job 41: Subtask collect_authority_prices
[2026-06-18T20:51:42.754+0000] {logging_mixin.py:188} WARNING - /home/***/.local/lib/python3.12/site-packages/***/task/task_runner/standard_task_runner.py:61 DeprecationWarning: This process (pid=241) is multi-threaded, use of fork() may lead to deadlocks in the child.
[2026-06-18T20:51:42.757+0000] {standard_task_runner.py:63} INFO - Started process 246 to run task
[2026-06-18T20:51:42.970+0000] {task_command.py:426} INFO - Running <TaskInstance: metals_ingestion_pipeline.collect_authority_prices scheduled__2026-06-18T20:40:00+00:00 [running]> on host baa3d7daf43a
[2026-06-18T20:51:43.346+0000] {taskinstance.py:2648} INFO - Exporting env vars: AIRFLOW_CTX_DAG_OWNER='***' AIRFLOW_CTX_DAG_ID='metals_ingestion_pipeline' AIRFLOW_CTX_TASK_ID='collect_authority_prices' AIRFLOW_CTX_EXECUTION_DATE='2026-06-18T20:40:00+00:00' AIRFLOW_CTX_TRY_NUMBER='2' AIRFLOW_CTX_DAG_RUN_ID='scheduled__2026-06-18T20:40:00+00:00'
[2026-06-18T20:51:43.358+0000] {taskinstance.py:430} INFO - ::endgroup::
[2026-06-18T20:51:44.893+0000] {manager.py:78} WARNING - socks5_proxy is deprecated, use proxy_url instead
[2026-06-18T20:51:44.902+0000] {manager.py:247} ERROR - Connection failed: KafkaConnectionError: 111 ECONNREFUSED
[2026-06-18T20:51:44.906+0000] {cluster.py:171} INFO - Metadata refresh (node_id=bootstrap-0)
[2026-06-18T20:51:44.908+0000] {cluster.py:177} ERROR - Metadata refresh: failed NodeNotReadyError: bootstrap-0
[2026-06-18T20:51:44.910+0000] {manager.py:152} ERROR - Bootstrap attempt to bootstrap-0 failed: NodeNotReadyError: bootstrap-0
[2026-06-18T20:51:45.012+0000] {manager.py:247} ERROR - Connection failed: KafkaConnectionError: 111 ECONNREFUSED
[2026-06-18T20:51:45.014+0000] {cluster.py:171} INFO - Metadata refresh (node_id=bootstrap-0)
[2026-06-18T20:51:45.016+0000] {cluster.py:177} ERROR - Metadata refresh: failed NodeNotReadyError: bootstrap-0
[2026-06-18T20:51:45.018+0000] {manager.py:152} ERROR - Bootstrap attempt to bootstrap-0 failed: NodeNotReadyError: bootstrap-0
[2026-06-18T20:51:45.378+0000] {manager.py:247} ERROR - Connection failed: KafkaConnectionError: 111 ECONNREFUSED
[2026-06-18T20:51:45.380+0000] {cluster.py:171} INFO - Metadata refresh (node_id=bootstrap-0)
[2026-06-18T20:51:45.382+0000] {cluster.py:177} ERROR - Metadata refresh: failed NodeNotReadyError: bootstrap-0
[2026-06-18T20:51:45.385+0000] {manager.py:152} ERROR - Bootstrap attempt to bootstrap-0 failed: NodeNotReadyError: bootstrap-0
[2026-06-18T20:51:47.296+0000] {manager.py:247} ERROR - Connection failed: KafkaConnectionError: 111 ECONNREFUSED
[2026-06-18T20:51:47.300+0000] {cluster.py:171} INFO - Metadata refresh (node_id=bootstrap-0)
[2026-06-18T20:51:47.303+0000] {cluster.py:177} ERROR - Metadata refresh: failed NodeNotReadyError: bootstrap-0
[2026-06-18T20:51:47.306+0000] {manager.py:152} ERROR - Bootstrap attempt to bootstrap-0 failed: NodeNotReadyError: bootstrap-0
[2026-06-18T20:51:54.175+0000] {manager.py:247} ERROR - Connection failed: KafkaConnectionError: 111 ECONNREFUSED
[2026-06-18T20:51:54.183+0000] {cluster.py:171} INFO - Metadata refresh (node_id=bootstrap-0)
[2026-06-18T20:51:54.189+0000] {cluster.py:177} ERROR - Metadata refresh: failed NodeNotReadyError: bootstrap-0
[2026-06-18T20:51:54.195+0000] {manager.py:152} ERROR - Bootstrap attempt to bootstrap-0 failed: NodeNotReadyError: bootstrap-0
[2026-06-18T20:52:15.919+0000] {manager.py:172} ERROR - Bootstrap failed: KafkaTimeoutError: Unable to bootstrap from localhost:9092
[2026-06-18T20:52:15.982+0000] {taskinstance.py:441} INFO - ::group::Post task execution logs
[2026-06-18T20:52:16.030+0000] {taskinstance.py:2905} ERROR - Task failed with exception
Traceback (most recent call last):
  File "/home/airflow/.local/lib/python3.12/site-packages/airflow/models/taskinstance.py", line 465, in _execute_task
    result = _execute_callable(context=context, **execute_callable_kwargs)
             ^^^^^^^^^^^^^^^^^^^^^^^^^^^^^^^^^^^^^^^^^^^^^^^^^^^^^^^^^^^^^
  File "/home/airflow/.local/lib/python3.12/site-packages/airflow/models/taskinstance.py", line 432, in _execute_callable
    return execute_callable(context=context, **execute_callable_kwargs)
           ^^^^^^^^^^^^^^^^^^^^^^^^^^^^^^^^^^^^^^^^^^^^^^^^^^^^^^^^^^^^
  File "/home/airflow/.local/lib/python3.12/site-packages/airflow/models/baseoperator.py", line 400, in wrapper
    return func(self, *args, **kwargs)
           ^^^^^^^^^^^^^^^^^^^^^^^^^^^
  File "/home/airflow/.local/lib/python3.12/site-packages/airflow/operators/python.py", line 235, in execute
    return_value = self.execute_callable()
                   ^^^^^^^^^^^^^^^^^^^^^^^
  File "/home/airflow/.local/lib/python3.12/site-packages/airflow/operators/python.py", line 252, in execute_callable
    return self.python_callable(*self.op_args, **self.op_kwargs)
           ^^^^^^^^^^^^^^^^^^^^^^^^^^^^^^^^^^^^^^^^^^^^^^^^^^^^^
  File "/opt/airflow/dags/metals_pipeline.py", line 32, in run_authority
    from Ingestion.producer import publish
  File "/opt/ingestion/Ingestion/producer.py", line 9, in <module>
    producer = KafkaProducer(
               ^^^^^^^^^^^^^^
  File "/home/airflow/.local/lib/python3.12/site-packages/kafka/producer/kafka.py", line 534, in __init__
    manager.bootstrap(self.config['bootstrap_timeout_ms'])
  File "/home/airflow/.local/lib/python3.12/site-packages/kafka/net/manager.py", line 176, in bootstrap
    self._net.run(self.bootstrap_async, timeout_ms, refresh)
  File "/home/airflow/.local/lib/python3.12/site-packages/kafka/net/selector.py", line 283, in run
    raise future.exception
  File "/home/airflow/.local/lib/python3.12/site-packages/kafka/net/selector.py", line 357, in wrapper
    future.success(await self._invoke(coro, *args))
                   ^^^^^^^^^^^^^^^^^^^^^^^^^^^^^^^
  File "/home/airflow/.local/lib/python3.12/site-packages/kafka/net/selector.py", line 376, in _invoke
    result = await result
             ^^^^^^^^^^^^
  File "/home/airflow/.local/lib/python3.12/site-packages/kafka/future.py", line 165, in __await__
    raise self.exception
  File "/home/airflow/.local/lib/python3.12/site-packages/kafka/net/selector.py", line 357, in wrapper
    future.success(await self._invoke(coro, *args))
                   ^^^^^^^^^^^^^^^^^^^^^^^^^^^^^^^
  File "/home/airflow/.local/lib/python3.12/site-packages/kafka/net/selector.py", line 370, in _invoke
    result = await coro(*args)
             ^^^^^^^^^^^^^^^^^
  File "/home/airflow/.local/lib/python3.12/site-packages/kafka/net/manager.py", line 163, in _do_bootstrap
    raise Errors.KafkaTimeoutError(
kafka.errors.KafkaTimeoutError: KafkaTimeoutError: Unable to bootstrap from localhost:9092
[2026-06-18T20:52:16.461+0000] {taskinstance.py:1206} INFO - Marking task as UP_FOR_RETRY. dag_id=metals_ingestion_pipeline, task_id=collect_authority_prices, run_id=scheduled__2026-06-18T20:40:00+00:00, execution_date=20260618T204000, start_date=20260618T205142, end_date=20260618T205216
[2026-06-18T20:52:16.561+0000] {standard_task_runner.py:110} ERROR - Failed to execute job 41 for task collect_authority_prices (KafkaTimeoutError: Unable to bootstrap from localhost:9092; 246)
[2026-06-18T20:52:16.699+0000] {local_task_job_runner.py:240} INFO - Task exited with return code 1
[2026-06-18T20:52:16.834+0000] {local_task_job_runner.py:222} INFO - ::endgroup::
