[2026-06-18T20:40:15.567+0000] {local_task_job_runner.py:120} INFO - ::group::Pre task execution logs
[2026-06-18T20:40:15.708+0000] {taskinstance.py:2076} INFO - Dependencies all met for dep_context=non-requeueable deps ti=<TaskInstance: metals_ingestion_pipeline.collect_authority_prices scheduled__2026-06-18T20:20:00+00:00 [queued]>
[2026-06-18T20:40:15.742+0000] {taskinstance.py:2076} INFO - Dependencies all met for dep_context=requeueable deps ti=<TaskInstance: metals_ingestion_pipeline.collect_authority_prices scheduled__2026-06-18T20:20:00+00:00 [queued]>
[2026-06-18T20:40:15.747+0000] {taskinstance.py:2306} INFO - Starting attempt 3 of 4
[2026-06-18T20:40:15.799+0000] {taskinstance.py:2330} INFO - Executing <Task(PythonOperator): collect_authority_prices> on 2026-06-18 20:20:00+00:00
[2026-06-18T20:40:15.822+0000] {standard_task_runner.py:90} INFO - Running: ['***', 'tasks', 'run', 'metals_ingestion_pipeline', 'collect_authority_prices', 'scheduled__2026-06-18T20:20:00+00:00', '--job-id', '16', '--raw', '--subdir', 'DAGS_FOLDER/metals_pipeline.py', '--cfg-path', '/tmp/tmprn3c8nu0']
[2026-06-18T20:40:15.833+0000] {standard_task_runner.py:91} INFO - Job 16: Subtask collect_authority_prices
[2026-06-18T20:40:15.839+0000] {logging_mixin.py:188} WARNING - /home/***/.local/lib/python3.12/site-packages/***/task/task_runner/standard_task_runner.py:61 DeprecationWarning: This process (pid=218) is multi-threaded, use of fork() may lead to deadlocks in the child.
[2026-06-18T20:40:15.843+0000] {standard_task_runner.py:63} INFO - Started process 220 to run task
[2026-06-18T20:40:16.069+0000] {task_command.py:426} INFO - Running <TaskInstance: metals_ingestion_pipeline.collect_authority_prices scheduled__2026-06-18T20:20:00+00:00 [running]> on host 35f9dcde3a29
[2026-06-18T20:40:16.464+0000] {taskinstance.py:2648} INFO - Exporting env vars: AIRFLOW_CTX_DAG_OWNER='***' AIRFLOW_CTX_DAG_ID='metals_ingestion_pipeline' AIRFLOW_CTX_TASK_ID='collect_authority_prices' AIRFLOW_CTX_EXECUTION_DATE='2026-06-18T20:20:00+00:00' AIRFLOW_CTX_TRY_NUMBER='3' AIRFLOW_CTX_DAG_RUN_ID='scheduled__2026-06-18T20:20:00+00:00'
[2026-06-18T20:40:16.476+0000] {taskinstance.py:430} INFO - ::endgroup::
[2026-06-18T20:40:16.665+0000] {taskinstance.py:441} INFO - ::group::Post task execution logs
[2026-06-18T20:40:16.667+0000] {taskinstance.py:2905} ERROR - Task failed with exception
Traceback (most recent call last):
  File "/home/airflow/.local/lib/python3.12/site-packages/airflow/models/taskinstance.py", line 465, in _execute_task
    result = _execute_callable(context=context, **execute_callable_kwargs)
             ^^^^^^^^^^^^^^^^^^^^^^^^^^^^^^^^^^^^^^^^^^^^^^^^^^^^^^^^^^^^^
  File "/home/airflow/.local/lib/python3.12/site-packages/airflow/models/taskinstance.py", line 432, in _execute_callable
    return execute_callable(context=context, **execute_callable_kwargs)
           ^^^^^^^^^^^^^^^^^^^^^^^^^^^^^^^^^^^^^^^^^^^^^^^^^^^^^^^^^^^^
  File "/home/airflow/.local/lib/python3.12/site-packages/airflow/models/baseoperator.py", line 400, in wrapper
    return func(self, *args, **kwargs)
           ^^^^^^^^^^^^^^^^^^^^^^^^^^^
  File "/home/airflow/.local/lib/python3.12/site-packages/airflow/operators/python.py", line 235, in execute
    return_value = self.execute_callable()
                   ^^^^^^^^^^^^^^^^^^^^^^^
  File "/home/airflow/.local/lib/python3.12/site-packages/airflow/operators/python.py", line 252, in execute_callable
    return self.python_callable(*self.op_args, **self.op_kwargs)
           ^^^^^^^^^^^^^^^^^^^^^^^^^^^^^^^^^^^^^^^^^^^^^^^^^^^^^
  File "/opt/airflow/dags/metals_pipeline.py", line 32, in run_authority
    from Ingestion.producer import publish
  File "/opt/ingestion/Ingestion/producer.py", line 1, in <module>
    from kafka import KafkaProducer
ModuleNotFoundError: No module named 'kafka'
[2026-06-18T20:40:16.726+0000] {taskinstance.py:1206} INFO - Marking task as UP_FOR_RETRY. dag_id=metals_ingestion_pipeline, task_id=collect_authority_prices, run_id=scheduled__2026-06-18T20:20:00+00:00, execution_date=20260618T202000, start_date=20260618T204015, end_date=20260618T204016
[2026-06-18T20:40:16.762+0000] {standard_task_runner.py:110} ERROR - Failed to execute job 16 for task collect_authority_prices (No module named 'kafka'; 220)
[2026-06-18T20:40:16.788+0000] {local_task_job_runner.py:240} INFO - Task exited with return code 1
[2026-06-18T20:40:16.826+0000] {local_task_job_runner.py:222} INFO - ::endgroup::
