[2026-06-18T20:40:01.025+0000] {local_task_job_runner.py:120} INFO - ::group::Pre task execution logs
[2026-06-18T20:40:01.153+0000] {taskinstance.py:2076} INFO - Dependencies all met for dep_context=non-requeueable deps ti=<TaskInstance: metals_ingestion_pipeline.collect_authority_prices scheduled__2026-06-18T20:30:00+00:00 [queued]>
[2026-06-18T20:40:01.188+0000] {taskinstance.py:2076} INFO - Dependencies all met for dep_context=requeueable deps ti=<TaskInstance: metals_ingestion_pipeline.collect_authority_prices scheduled__2026-06-18T20:30:00+00:00 [queued]>
[2026-06-18T20:40:01.191+0000] {taskinstance.py:2306} INFO - Starting attempt 1 of 4
[2026-06-18T20:40:01.239+0000] {taskinstance.py:2330} INFO - Executing <Task(PythonOperator): collect_authority_prices> on 2026-06-18 20:30:00+00:00
[2026-06-18T20:40:01.322+0000] {standard_task_runner.py:90} INFO - Running: ['***', 'tasks', 'run', 'metals_ingestion_pipeline', 'collect_authority_prices', 'scheduled__2026-06-18T20:30:00+00:00', '--job-id', '10', '--raw', '--subdir', 'DAGS_FOLDER/metals_pipeline.py', '--cfg-path', '/tmp/tmp2y9nhm7s']
[2026-06-18T20:40:01.334+0000] {standard_task_runner.py:91} INFO - Job 10: Subtask collect_authority_prices
[2026-06-18T20:40:01.367+0000] {logging_mixin.py:188} WARNING - /home/***/.local/lib/python3.12/site-packages/***/task/task_runner/standard_task_runner.py:61 DeprecationWarning: This process (pid=206) is multi-threaded, use of fork() may lead to deadlocks in the child.
[2026-06-18T20:40:01.372+0000] {standard_task_runner.py:63} INFO - Started process 208 to run task
[2026-06-18T20:40:01.645+0000] {task_command.py:426} INFO - Running <TaskInstance: metals_ingestion_pipeline.collect_authority_prices scheduled__2026-06-18T20:30:00+00:00 [running]> on host 35f9dcde3a29
[2026-06-18T20:40:02.279+0000] {taskinstance.py:2648} INFO - Exporting env vars: AIRFLOW_CTX_DAG_OWNER='***' AIRFLOW_CTX_DAG_ID='metals_ingestion_pipeline' AIRFLOW_CTX_TASK_ID='collect_authority_prices' AIRFLOW_CTX_EXECUTION_DATE='2026-06-18T20:30:00+00:00' AIRFLOW_CTX_TRY_NUMBER='1' AIRFLOW_CTX_DAG_RUN_ID='scheduled__2026-06-18T20:30:00+00:00'
[2026-06-18T20:40:02.284+0000] {taskinstance.py:430} INFO - ::endgroup::
[2026-06-18T20:40:02.605+0000] {taskinstance.py:441} INFO - ::group::Post task execution logs
[2026-06-18T20:40:02.611+0000] {taskinstance.py:2905} ERROR - Task failed with exception
Traceback (most recent call last):
  File "/home/airflow/.local/lib/python3.12/site-packages/airflow/models/taskinstance.py", line 465, in _execute_task
    result = _execute_callable(context=context, **execute_callable_kwargs)
             ^^^^^^^^^^^^^^^^^^^^^^^^^^^^^^^^^^^^^^^^^^^^^^^^^^^^^^^^^^^^^
  File "/home/airflow/.local/lib/python3.12/site-packages/airflow/models/taskinstance.py", line 432, in _execute_callable
    return execute_callable(context=context, **execute_callable_kwargs)
           ^^^^^^^^^^^^^^^^^^^^^^^^^^^^^^^^^^^^^^^^^^^^^^^^^^^^^^^^^^^^
  File "/home/airflow/.local/lib/python3.12/site-packages/airflow/models/baseoperator.py", line 400, in wrapper
    return func(self, *args, **kwargs)
           ^^^^^^^^^^^^^^^^^^^^^^^^^^^
  File "/home/airflow/.local/lib/python3.12/site-packages/airflow/operators/python.py", line 235, in execute
    return_value = self.execute_callable()
                   ^^^^^^^^^^^^^^^^^^^^^^^
  File "/home/airflow/.local/lib/python3.12/site-packages/airflow/operators/python.py", line 252, in execute_callable
    return self.python_callable(*self.op_args, **self.op_kwargs)
           ^^^^^^^^^^^^^^^^^^^^^^^^^^^^^^^^^^^^^^^^^^^^^^^^^^^^^
  File "/opt/airflow/dags/metals_pipeline.py", line 32, in run_authority
    from Ingestion.producer import publish
  File "/opt/ingestion/Ingestion/producer.py", line 1, in <module>
    from kafka import KafkaProducer
ModuleNotFoundError: No module named 'kafka'
[2026-06-18T20:40:02.712+0000] {taskinstance.py:1206} INFO - Marking task as UP_FOR_RETRY. dag_id=metals_ingestion_pipeline, task_id=collect_authority_prices, run_id=scheduled__2026-06-18T20:30:00+00:00, execution_date=20260618T203000, start_date=20260618T204001, end_date=20260618T204002
[2026-06-18T20:40:02.776+0000] {standard_task_runner.py:110} ERROR - Failed to execute job 10 for task collect_authority_prices (No module named 'kafka'; 208)
[2026-06-18T20:40:02.822+0000] {local_task_job_runner.py:240} INFO - Task exited with return code 1
[2026-06-18T20:40:02.923+0000] {taskinstance.py:3498} INFO - 0 downstream tasks scheduled from follow-on schedule check
[2026-06-18T20:40:02.938+0000] {local_task_job_runner.py:222} INFO - ::endgroup::
